2026-02-19 20:36:09.067 | INFO     | __main__:main:372 - ============================================================
2026-02-19 20:36:09.069 | INFO     | __main__:main:373 - GIN+NDS Benchmark — 8 methods × 4 datasets
2026-02-19 20:36:09.070 | INFO     | __main__:main:374 - ============================================================
2026-02-19 20:36:09.071 | INFO     | __main__:load_data:88 - Loading data from /home/adrian/projects/ai-inventor/aii_pipeline/runs/run__20260219_082247/3_invention_loop/iter_5/gen_art/exp_id2_it5__opus/full_data_out.json
2026-02-19 20:36:09.155 | INFO     | __main__:load_data:124 -   CSL: 150 graphs, n_classes=10, feat_dim=1
2026-02-19 20:36:09.188 | INFO     | __main__:load_data:124 -   MUTAG: 188 graphs, n_classes=2, feat_dim=7
2026-02-19 20:36:09.404 | INFO     | __main__:load_data:124 -   PROTEINS: 1113 graphs, n_classes=2, feat_dim=4
2026-02-19 20:36:09.731 | INFO     | __main__:load_data:124 -   IMDB-BINARY: 1000 graphs, n_classes=2, feat_dim=1
2026-02-19 20:36:09.740 | INFO     | __main__:main:399 - Plan: 30 epochs, folds: {'CSL': 5, 'MUTAG': 5, 'PROTEINS': 3, 'IMDB-BINARY': 3}
2026-02-19 20:36:09.741 | INFO     | __main__:main:405 - 
============================================================
2026-02-19 20:36:09.742 | INFO     | __main__:main:406 - Dataset: CSL (1/4) — 3249s left
2026-02-19 20:36:09.744 | INFO     | __main__:main:407 - ============================================================
2026-02-19 20:36:09.745 | INFO     | __main__:main:428 -   150 graphs, 10 classes, using 2/5 folds, 30 epochs
2026-02-19 20:36:09.746 | INFO     | __main__:main:431 -   Precomputing features...
2026-02-19 20:36:12.688 | INFO     | __main__:main:435 -   Precompute took 2.9s
2026-02-19 20:36:12.690 | INFO     | __main__:main:440 -     vanilla: feat_dim=1
2026-02-19 20:36:12.690 | INFO     | __main__:main:440 -     degree_only: feat_dim=2
2026-02-19 20:36:12.691 | INFO     | __main__:main:440 -     nds_tanh_T10: feat_dim=34
2026-02-19 20:36:12.691 | INFO     | __main__:main:440 -     nds_tanh_T10_eigvec: feat_dim=89
2026-02-19 20:36:12.692 | INFO     | __main__:main:440 -     linear_diff_T10: feat_dim=89
2026-02-19 20:36:12.693 | INFO     | __main__:main:440 -     lap_pe_k16: feat_dim=17
2026-02-19 20:36:12.693 | INFO     | __main__:main:440 -     rwse_k16: feat_dim=17
2026-02-19 20:36:12.694 | INFO     | __main__:main:440 -     rni_d16: feat_dim=17
2026-02-19 20:36:12.695 | INFO     | __main__:main:452 -     vanilla...
2026-02-19 20:37:20.711 | INFO     | __main__:main:498 -     vanilla: 10.0±0.0% (68s)
2026-02-19 20:37:20.714 | INFO     | __main__:main:452 -     degree_only...
2026-02-19 20:38:32.316 | INFO     | __main__:main:498 -     degree_only: 10.0±0.0% (72s)
2026-02-19 20:38:32.318 | INFO     | __main__:main:452 -     nds_tanh_T10...
2026-02-19 20:39:45.656 | INFO     | __main__:main:498 -     nds_tanh_T10: 15.0±5.0% (73s)
2026-02-19 20:39:45.657 | INFO     | __main__:main:452 -     nds_tanh_T10_eigvec...
2026-02-19 20:40:44.794 | INFO     | __main__:main:498 -     nds_tanh_T10_eigvec: 48.3±25.0% (59s)
2026-02-19 20:40:44.797 | INFO     | __main__:main:452 -     linear_diff_T10...
2026-02-19 20:41:47.375 | INFO     | __main__:main:498 -     linear_diff_T10: 45.0±11.7% (63s)
2026-02-19 20:41:47.376 | INFO     | __main__:main:452 -     lap_pe_k16...
2026-02-19 20:42:53.934 | INFO     | __main__:main:498 -     lap_pe_k16: 13.3±3.3% (67s)
2026-02-19 20:42:53.937 | INFO     | __main__:main:452 -     rwse_k16...
2026-02-19 20:44:01.257 | INFO     | __main__:main:498 -     rwse_k16: 20.0±10.0% (67s)
2026-02-19 20:44:01.258 | INFO     | __main__:main:452 -     rni_d16...
2026-02-19 20:46:00.473 | INFO     | __main__:main:498 -     rni_d16: 96.7±5.8% (119s)
2026-02-19 20:46:00.473 | INFO     | __main__:main:506 - 
  CSL summary:
2026-02-19 20:46:00.473 | INFO     | __main__:main:509 -     vanilla                  : 10.0±0.0
2026-02-19 20:46:00.473 | INFO     | __main__:main:509 -     degree_only              : 10.0±0.0
2026-02-19 20:46:00.473 | INFO     | __main__:main:509 -     nds_tanh_T10             : 15.0±5.0
2026-02-19 20:46:00.474 | INFO     | __main__:main:509 -     nds_tanh_T10_eigvec      : 48.3±25.0
2026-02-19 20:46:00.474 | INFO     | __main__:main:509 -     linear_diff_T10          : 45.0±11.7
2026-02-19 20:46:00.474 | INFO     | __main__:main:509 -     lap_pe_k16               : 13.3±3.3
2026-02-19 20:46:00.474 | INFO     | __main__:main:509 -     rwse_k16                 : 20.0±10.0
2026-02-19 20:46:00.474 | INFO     | __main__:main:509 -     rni_d16                  : 96.7±5.8
2026-02-19 20:46:00.474 | INFO     | __main__:main:405 - 
============================================================
2026-02-19 20:46:00.474 | INFO     | __main__:main:406 - Dataset: MUTAG (2/4) — 2659s left
2026-02-19 20:46:00.474 | INFO     | __main__:main:407 - ============================================================
2026-02-19 20:46:00.475 | INFO     | __main__:main:428 -   188 graphs, 2 classes, using 2/10 folds, 30 epochs
2026-02-19 20:46:00.475 | INFO     | __main__:main:431 -   Precomputing features...
2026-02-19 20:46:02.891 | INFO     | __main__:main:435 -   Precompute took 2.4s
2026-02-19 20:46:02.893 | INFO     | __main__:main:440 -     vanilla: feat_dim=7
2026-02-19 20:46:02.894 | INFO     | __main__:main:440 -     degree_only: feat_dim=8
2026-02-19 20:46:02.895 | INFO     | __main__:main:440 -     nds_tanh_T10: feat_dim=29
2026-02-19 20:46:02.895 | INFO     | __main__:main:440 -     nds_tanh_T10_eigvec: feat_dim=95
2026-02-19 20:46:02.896 | INFO     | __main__:main:440 -     linear_diff_T10: feat_dim=95
2026-02-19 20:46:02.896 | INFO     | __main__:main:440 -     lap_pe_k16: feat_dim=23
2026-02-19 20:46:02.898 | INFO     | __main__:main:440 -     rwse_k16: feat_dim=23
2026-02-19 20:46:02.898 | INFO     | __main__:main:440 -     rni_d16: feat_dim=23
2026-02-19 20:46:02.898 | INFO     | __main__:main:452 -     vanilla...
2026-02-19 20:47:03.303 | INFO     | __main__:main:498 -     vanilla: 81.6±13.2% (60s)
2026-02-19 20:47:03.303 | INFO     | __main__:main:452 -     degree_only...
2026-02-19 20:48:03.814 | INFO     | __main__:main:498 -     degree_only: 78.9±5.3% (61s)
2026-02-19 20:48:03.814 | INFO     | __main__:main:452 -     nds_tanh_T10...
2026-02-19 20:49:05.872 | INFO     | __main__:main:498 -     nds_tanh_T10: 39.5±7.9% (62s)
2026-02-19 20:49:05.877 | INFO     | __main__:main:452 -     nds_tanh_T10_eigvec...
2026-02-19 20:50:09.405 | INFO     | __main__:main:498 -     nds_tanh_T10_eigvec: 73.7±21.1% (64s)
2026-02-19 20:50:09.406 | INFO     | __main__:main:452 -     linear_diff_T10...
2026-02-19 20:51:17.587 | INFO     | __main__:main:498 -     linear_diff_T10: 78.9±10.5% (68s)
2026-02-19 20:51:17.589 | INFO     | __main__:main:452 -     lap_pe_k16...
2026-02-19 20:52:02.567 | INFO     | __main__:main:498 -     lap_pe_k16: 89.5±5.3% (45s)
2026-02-19 20:52:02.569 | INFO     | __main__:main:452 -     rwse_k16...
2026-02-19 20:52:34.129 | INFO     | __main__:main:498 -     rwse_k16: 81.6±13.2% (32s)
2026-02-19 20:52:34.129 | INFO     | __main__:main:452 -     rni_d16...
2026-02-19 20:53:48.999 | INFO     | __main__:main:498 -     rni_d16: 82.9±5.7% (75s)
2026-02-19 20:53:49.000 | INFO     | __main__:main:506 - 
  MUTAG summary:
2026-02-19 20:53:49.000 | INFO     | __main__:main:509 -     vanilla                  : 81.6±13.2
2026-02-19 20:53:49.000 | INFO     | __main__:main:509 -     degree_only              : 78.9±5.3
2026-02-19 20:53:49.000 | INFO     | __main__:main:509 -     nds_tanh_T10             : 39.5±7.9
2026-02-19 20:53:49.000 | INFO     | __main__:main:509 -     nds_tanh_T10_eigvec      : 73.7±21.1
2026-02-19 20:53:49.000 | INFO     | __main__:main:509 -     linear_diff_T10          : 78.9±10.5
2026-02-19 20:53:49.000 | INFO     | __main__:main:509 -     lap_pe_k16               : 89.5±5.3
2026-02-19 20:53:49.001 | INFO     | __main__:main:509 -     rwse_k16                 : 81.6±13.2
2026-02-19 20:53:49.001 | INFO     | __main__:main:509 -     rni_d16                  : 82.9±5.7
2026-02-19 20:53:49.001 | INFO     | __main__:main:405 - 
============================================================
2026-02-19 20:53:49.001 | INFO     | __main__:main:406 - Dataset: PROTEINS (3/4) — 2190s left
2026-02-19 20:53:49.001 | INFO     | __main__:main:407 - ============================================================
2026-02-19 20:53:49.005 | INFO     | __main__:main:428 -   1113 graphs, 2 classes, using 2/10 folds, 30 epochs
2026-02-19 20:53:49.005 | INFO     | __main__:main:431 -   Precomputing features...
2026-02-19 20:54:08.917 | INFO     | __main__:main:435 -   Precompute took 19.9s
2026-02-19 20:54:08.917 | INFO     | __main__:main:440 -     vanilla: feat_dim=4
2026-02-19 20:54:08.918 | INFO     | __main__:main:440 -     degree_only: feat_dim=5
2026-02-19 20:54:08.918 | INFO     | __main__:main:440 -     nds_tanh_T10: feat_dim=26
2026-02-19 20:54:08.918 | INFO     | __main__:main:440 -     nds_tanh_T10_eigvec: feat_dim=92
2026-02-19 20:54:08.918 | INFO     | __main__:main:440 -     linear_diff_T10: feat_dim=92
2026-02-19 20:54:08.918 | INFO     | __main__:main:440 -     lap_pe_k16: feat_dim=20
2026-02-19 20:54:08.918 | INFO     | __main__:main:440 -     rwse_k16: feat_dim=20
2026-02-19 20:54:08.918 | INFO     | __main__:main:440 -     rni_d16: feat_dim=20
2026-02-19 20:54:08.918 | INFO     | __main__:main:452 -     vanilla...
2026-02-19 20:55:11.494 | INFO     | __main__:main:498 -     vanilla: 66.1±2.7% (63s)
2026-02-19 20:55:11.495 | INFO     | __main__:main:452 -     degree_only...
2026-02-19 20:56:14.430 | INFO     | __main__:main:498 -     degree_only: 62.5±0.9% (63s)
2026-02-19 20:56:14.432 | INFO     | __main__:main:452 -     nds_tanh_T10...
2026-02-19 20:57:14.040 | INFO     | __main__:main:498 -     nds_tanh_T10: 64.3±0.0% (60s)
2026-02-19 20:57:14.041 | INFO     | __main__:main:452 -     nds_tanh_T10_eigvec...
2026-02-19 20:58:16.806 | INFO     | __main__:main:498 -     nds_tanh_T10_eigvec: 68.3±0.4% (63s)
2026-02-19 20:58:16.807 | INFO     | __main__:main:452 -     linear_diff_T10...
2026-02-19 20:59:23.737 | INFO     | __main__:main:498 -     linear_diff_T10: 68.3±4.9% (67s)
2026-02-19 20:59:23.738 | INFO     | __main__:main:452 -     lap_pe_k16...
2026-02-19 21:00:28.422 | INFO     | __main__:main:498 -     lap_pe_k16: 62.1±0.4% (65s)
2026-02-19 21:00:28.423 | INFO     | __main__:main:452 -     rwse_k16...
2026-02-19 21:01:32.020 | INFO     | __main__:main:498 -     rwse_k16: 70.1±1.3% (64s)
2026-02-19 21:01:32.022 | INFO     | __main__:main:452 -     rni_d16...
2026-02-19 21:03:33.985 | INFO     | __main__:main:498 -     rni_d16: 69.4±4.6% (122s)
2026-02-19 21:03:33.986 | INFO     | __main__:main:506 - 
  PROTEINS summary:
2026-02-19 21:03:33.986 | INFO     | __main__:main:509 -     vanilla                  : 66.1±2.7
2026-02-19 21:03:33.986 | INFO     | __main__:main:509 -     degree_only              : 62.5±0.9
2026-02-19 21:03:33.986 | INFO     | __main__:main:509 -     nds_tanh_T10             : 64.3±0.0
2026-02-19 21:03:33.986 | INFO     | __main__:main:509 -     nds_tanh_T10_eigvec      : 68.3±0.4
2026-02-19 21:03:33.986 | INFO     | __main__:main:509 -     linear_diff_T10          : 68.3±4.9
2026-02-19 21:03:33.986 | INFO     | __main__:main:509 -     lap_pe_k16               : 62.1±0.4
2026-02-19 21:03:33.986 | INFO     | __main__:main:509 -     rwse_k16                 : 70.1±1.3
2026-02-19 21:03:33.986 | INFO     | __main__:main:509 -     rni_d16                  : 69.4±4.6
2026-02-19 21:03:33.986 | INFO     | __main__:main:405 - 
============================================================
2026-02-19 21:03:33.986 | INFO     | __main__:main:406 - Dataset: IMDB-BINARY (4/4) — 1605s left
2026-02-19 21:03:33.986 | INFO     | __main__:main:407 - ============================================================
2026-02-19 21:03:33.989 | INFO     | __main__:main:428 -   1000 graphs, 2 classes, using 3/10 folds, 30 epochs
2026-02-19 21:03:33.989 | INFO     | __main__:main:431 -   Precomputing features...
2026-02-19 21:03:45.895 | INFO     | __main__:main:435 -   Precompute took 11.9s
2026-02-19 21:03:45.896 | INFO     | __main__:main:440 -     vanilla: feat_dim=1
2026-02-19 21:03:45.896 | INFO     | __main__:main:440 -     degree_only: feat_dim=2
2026-02-19 21:03:45.896 | INFO     | __main__:main:440 -     nds_tanh_T10: feat_dim=23
2026-02-19 21:03:45.896 | INFO     | __main__:main:440 -     nds_tanh_T10_eigvec: feat_dim=89
2026-02-19 21:03:45.896 | INFO     | __main__:main:440 -     linear_diff_T10: feat_dim=89
2026-02-19 21:03:45.896 | INFO     | __main__:main:440 -     lap_pe_k16: feat_dim=17
2026-02-19 21:03:45.896 | INFO     | __main__:main:440 -     rwse_k16: feat_dim=17
2026-02-19 21:03:45.896 | INFO     | __main__:main:440 -     rni_d16: feat_dim=17
2026-02-19 21:03:45.896 | INFO     | __main__:main:452 -     vanilla...
2026-02-19 21:05:01.446 | INFO     | __main__:main:498 -     vanilla: 69.7±1.2% (76s)
2026-02-19 21:05:01.447 | INFO     | __main__:main:452 -     degree_only...
2026-02-19 21:06:20.218 | INFO     | __main__:main:498 -     degree_only: 69.3±5.2% (79s)
2026-02-19 21:06:20.218 | INFO     | __main__:main:452 -     nds_tanh_T10...
2026-02-19 21:07:38.775 | INFO     | __main__:main:498 -     nds_tanh_T10: 70.7±1.7% (79s)
2026-02-19 21:07:38.776 | INFO     | __main__:main:452 -     nds_tanh_T10_eigvec...
2026-02-19 21:09:00.449 | INFO     | __main__:main:498 -     nds_tanh_T10_eigvec: 70.3±3.4% (82s)
2026-02-19 21:09:00.450 | INFO     | __main__:main:452 -     linear_diff_T10...
2026-02-19 21:10:22.003 | INFO     | __main__:main:498 -     linear_diff_T10: 72.0±1.6% (82s)
2026-02-19 21:10:22.004 | INFO     | __main__:main:452 -     lap_pe_k16...
2026-02-19 21:11:40.357 | INFO     | __main__:main:498 -     lap_pe_k16: 66.7±0.9% (78s)
2026-02-19 21:11:40.359 | INFO     | __main__:main:452 -     rwse_k16...
2026-02-19 21:12:58.698 | INFO     | __main__:main:498 -     rwse_k16: 71.0±1.6% (78s)
2026-02-19 21:12:58.698 | INFO     | __main__:main:452 -     rni_d16...
2026-02-19 21:15:35.571 | INFO     | __main__:main:498 -     rni_d16: 67.7±4.5% (157s)
2026-02-19 21:15:35.572 | INFO     | __main__:main:506 - 
  IMDB-BINARY summary:
2026-02-19 21:15:35.572 | INFO     | __main__:main:509 -     vanilla                  : 69.7±1.2
2026-02-19 21:15:35.573 | INFO     | __main__:main:509 -     degree_only              : 69.3±5.2
2026-02-19 21:15:35.573 | INFO     | __main__:main:509 -     nds_tanh_T10             : 70.7±1.7
2026-02-19 21:15:35.573 | INFO     | __main__:main:509 -     nds_tanh_T10_eigvec      : 70.3±3.4
2026-02-19 21:15:35.574 | INFO     | __main__:main:509 -     linear_diff_T10          : 72.0±1.6
2026-02-19 21:15:35.574 | INFO     | __main__:main:509 -     lap_pe_k16               : 66.7±0.9
2026-02-19 21:15:35.574 | INFO     | __main__:main:509 -     rwse_k16                 : 71.0±1.6
2026-02-19 21:15:35.575 | INFO     | __main__:main:509 -     rni_d16                  : 67.7±4.5
2026-02-19 21:15:35.575 | INFO     | __main__:main:514 - 
============================================================
2026-02-19 21:15:35.575 | INFO     | __main__:main:515 - Building method_out.json...
2026-02-19 21:15:35.679 | INFO     | __main__:main:568 - Written to /home/adrian/projects/ai-inventor/aii_pipeline/runs/run__20260219_082247/3_invention_loop/iter_5/gen_art/exp_id2_it5__opus/method_out.json
2026-02-19 21:15:35.679 | INFO     | __main__:main:571 - 
============================================================
2026-02-19 21:15:35.679 | INFO     | __main__:main:572 - RESULTS SUMMARY
2026-02-19 21:15:35.679 | INFO     | __main__:main:573 - ============================================================
2026-02-19 21:15:35.679 | INFO     | __main__:main:577 - Method                    |          CSL |        MUTAG |     PROTEINS |  IMDB-BINARY
2026-02-19 21:15:35.679 | INFO     | __main__:main:578 - -------------------------------------------------------------------------------------
2026-02-19 21:15:35.679 | INFO     | __main__:main:586 - vanilla                   |     10.0±0.0 |    81.6±13.2 |     66.1±2.7 |     69.7±1.2
2026-02-19 21:15:35.679 | INFO     | __main__:main:586 - degree_only               |     10.0±0.0 |     78.9±5.3 |     62.5±0.9 |     69.3±5.2
2026-02-19 21:15:35.680 | INFO     | __main__:main:586 - nds_tanh_T10              |     15.0±5.0 |     39.5±7.9 |     64.3±0.0 |     70.7±1.7
2026-02-19 21:15:35.680 | INFO     | __main__:main:586 - nds_tanh_T10_eigvec       |    48.3±25.0 |    73.7±21.1 |     68.3±0.4 |     70.3±3.4
2026-02-19 21:15:35.680 | INFO     | __main__:main:586 - linear_diff_T10           |    45.0±11.7 |    78.9±10.5 |     68.3±4.9 |     72.0±1.6
2026-02-19 21:15:35.680 | INFO     | __main__:main:586 - lap_pe_k16                |     13.3±3.3 |     89.5±5.3 |     62.1±0.4 |     66.7±0.9
2026-02-19 21:15:35.680 | INFO     | __main__:main:586 - rwse_k16                  |    20.0±10.0 |    81.6±13.2 |     70.1±1.3 |     71.0±1.6
2026-02-19 21:15:35.680 | INFO     | __main__:main:586 - rni_d16                   |     96.7±5.8 |     82.9±5.7 |     69.4±4.6 |     67.7±4.5
2026-02-19 21:15:35.680 | INFO     | __main__:main:588 - 
SANITY CHECKS:
2026-02-19 21:15:35.680 | INFO     | __main__:main:594 -   vanilla on MUTAG: 81.6% (expected ~89)
2026-02-19 21:15:35.680 | INFO     | __main__:main:594 -   vanilla on CSL: 10.0% (expected ~10)
2026-02-19 21:15:35.680 | INFO     | __main__:main:594 -   nds_tanh_T10 on CSL: 15.0% (expected >10 if NDS works)
2026-02-19 21:15:35.680 | INFO     | __main__:main:594 -   lap_pe_k16 on CSL: 13.3% (expected >10)
2026-02-19 21:15:35.680 | INFO     | __main__:main:596 - 
Total time: 2367s (39.4min)
2026-02-19 21:15:35.680 | INFO     | __main__:main:597 - Done!
