2026-02-19 09:07:51.098 | INFO     | __main__:main:783 - ======================================================================
2026-02-19 09:07:51.099 | INFO     | __main__:main:784 - NDS Ablation Study — Nonlinear Diffusion Signatures
2026-02-19 09:07:51.099 | INFO     | __main__:main:785 - ======================================================================
2026-02-19 09:07:51.099 | INFO     | __main__:load_graph_pairs:70 - Loading data from /home/adrian/projects/ai-inventor/aii_pipeline/runs/run__20260219_082247/3_invention_loop/iter_2/gen_art/exp_id1_it2__opus/dependencies/data_id3_it1__opus/full_data_out.json
2026-02-19 09:07:51.099 | INFO     | __main__:load_graph_pairs:73 - Found 9 graph pairs
2026-02-19 09:07:51.100 | INFO     | __main__:load_graph_pairs:102 -   Pair srg16_rook_vs_shrikhande: n=16, edges_a=48, edges_b=48, category=srg_16_6_2_2
2026-02-19 09:07:51.101 | INFO     | __main__:load_graph_pairs:102 -   Pair srg25_paulus_g1_vs_g2: n=25, edges_a=150, edges_b=150, category=srg_25_12_5_6
2026-02-19 09:07:51.102 | INFO     | __main__:load_graph_pairs:102 -   Pair srg25_paulus_g1_vs_g3: n=25, edges_a=150, edges_b=150, category=srg_25_12_5_6
2026-02-19 09:07:51.102 | INFO     | __main__:load_graph_pairs:102 -   Pair srg26_paulus_g1_vs_g2: n=26, edges_a=130, edges_b=130, category=srg_26_10_3_4
2026-02-19 09:07:51.103 | INFO     | __main__:load_graph_pairs:102 -   Pair csl41_skip2_vs_skip3: n=41, edges_a=82, edges_b=82, category=csl_41
2026-02-19 09:07:51.104 | INFO     | __main__:load_graph_pairs:102 -   Pair csl41_skip4_vs_skip5: n=41, edges_a=82, edges_b=82, category=csl_41
2026-02-19 09:07:51.105 | INFO     | __main__:load_graph_pairs:102 -   Pair csl41_skip6_vs_skip9: n=41, edges_a=82, edges_b=82, category=csl_41
2026-02-19 09:07:51.106 | INFO     | __main__:load_graph_pairs:102 -   Pair csl41_skip11_vs_skip12: n=41, edges_a=82, edges_b=82, category=csl_41
2026-02-19 09:07:51.107 | INFO     | __main__:load_graph_pairs:102 -   Pair csl41_skip13_vs_skip16: n=41, edges_a=82, edges_b=82, category=csl_41
2026-02-19 09:07:51.108 | INFO     | __main__:self_consistency_check:334 - Self-consistency check: frob=0.00e+00, match=True
2026-02-19 09:07:51.108 | INFO     | __main__:self_consistency_check:337 - Self-consistency check PASSED
2026-02-19 09:07:51.108 | INFO     | __main__:run_experiment:403 - Main grid: 9 pairs x 5 nonlins x 3 inits x 21 T values = 2835
2026-02-19 09:07:51.108 | INFO     | __main__:run_experiment:409 - --- Phase 1: Single-pair sanity check ---
2026-02-19 09:07:51.110 | INFO     | __main__:run_experiment:417 - Sanity result: pair=srg16_rook_vs_shrikhande, relu/adj_row/T=5 → distinguished=True, frob=9.983727e+00, mmd=2.808951e-03
2026-02-19 09:07:51.110 | INFO     | __main__:run_experiment:424 - Phase 1 time: 0.00s
2026-02-19 09:07:51.110 | INFO     | __main__:run_experiment:429 - --- Phase 2: All pairs, relu/adj_row/T=5 ---
2026-02-19 09:07:51.111 | INFO     | __main__:run_experiment:440 -   srg16_rook_vs_shrikhande: distinguished=True, frob=9.983727e+00
2026-02-19 09:07:51.113 | INFO     | __main__:run_experiment:440 -   srg25_paulus_g1_vs_g2: distinguished=True, frob=9.207996e+00
2026-02-19 09:07:51.116 | INFO     | __main__:run_experiment:440 -   srg25_paulus_g1_vs_g3: distinguished=True, frob=9.207996e+00
2026-02-19 09:07:51.118 | INFO     | __main__:run_experiment:440 -   srg26_paulus_g1_vs_g2: distinguished=True, frob=5.699406e+00
2026-02-19 09:07:51.125 | INFO     | __main__:run_experiment:440 -   csl41_skip2_vs_skip3: distinguished=True, frob=2.113722e+01
2026-02-19 09:07:51.137 | INFO     | __main__:run_experiment:440 -   csl41_skip4_vs_skip5: distinguished=True, frob=2.304190e+01
2026-02-19 09:07:51.170 | INFO     | __main__:run_experiment:440 -   csl41_skip6_vs_skip9: distinguished=True, frob=2.425057e+01
2026-02-19 09:07:51.196 | INFO     | __main__:run_experiment:440 -   csl41_skip11_vs_skip12: distinguished=True, frob=2.349306e+01
2026-02-19 09:07:51.215 | INFO     | __main__:run_experiment:440 -   csl41_skip13_vs_skip16: distinguished=True, frob=2.192266e+01
2026-02-19 09:07:51.215 | INFO     | __main__:run_experiment:443 - Phase 2: 9/9 pairs distinguished. Time: 0.11s
2026-02-19 09:07:51.215 | INFO     | __main__:run_experiment:448 - --- Phase 3: Full main grid ---
2026-02-19 09:07:51.475 | INFO     | __main__:run_experiment:466 -   Completed pair srg16_rook_vs_shrikhande (315/2835)
2026-02-19 09:07:52.633 | INFO     | __main__:run_experiment:466 -   Completed pair srg25_paulus_g1_vs_g2 (630/2835)
2026-02-19 09:07:53.944 | INFO     | __main__:run_experiment:466 -   Completed pair srg25_paulus_g1_vs_g3 (945/2835)
2026-02-19 09:07:55.174 | INFO     | __main__:run_experiment:466 -   Completed pair srg26_paulus_g1_vs_g2 (1260/2835)
2026-02-19 09:07:58.356 | INFO     | __main__:run_experiment:466 -   Completed pair csl41_skip2_vs_skip3 (1575/2835)
2026-02-19 09:08:02.126 | INFO     | __main__:run_experiment:466 -   Completed pair csl41_skip4_vs_skip5 (1890/2835)
2026-02-19 09:08:07.674 | INFO     | __main__:run_experiment:466 -   Completed pair csl41_skip6_vs_skip9 (2205/2835)
2026-02-19 09:08:13.134 | INFO     | __main__:run_experiment:466 -   Completed pair csl41_skip11_vs_skip12 (2520/2835)
2026-02-19 09:08:15.360 | INFO     | __main__:run_experiment:466 -   Completed pair csl41_skip13_vs_skip16 (2835/2835)
2026-02-19 09:08:15.361 | INFO     | __main__:run_experiment:469 - Phase 3 complete: 2835 configs in 24.25s
2026-02-19 09:08:15.361 | INFO     | __main__:run_experiment:474 - --- Phase 4: Extra nonlinearities (leaky_relu, softplus) ---
2026-02-19 09:08:16.464 | INFO     | __main__:run_experiment:490 - Phase 4 complete. Total results: 2979. Time: 25.36s
2026-02-19 09:08:16.465 | INFO     | __main__:run_experiment:495 - --- Phase 5: Alternative diffusion operators ---
2026-02-19 09:08:18.538 | INFO     | __main__:run_experiment:510 - Phase 5 complete. Total results: 3195. Time: 27.43s
2026-02-19 09:08:18.538 | INFO     | __main__:run_experiment:515 - --- Timing measurements (relu, adj_row, T=10) ---
2026-02-19 09:08:18.540 | INFO     | __main__:run_experiment:527 -   srg16_rook_vs_shrikhande: 1.47ms total, 0.0306ms/edge (n=16, m=48)
2026-02-19 09:08:18.543 | INFO     | __main__:run_experiment:527 -   srg25_paulus_g1_vs_g2: 2.44ms total, 0.0163ms/edge (n=25, m=150)
2026-02-19 09:08:18.546 | INFO     | __main__:run_experiment:527 -   srg25_paulus_g1_vs_g3: 2.43ms total, 0.0162ms/edge (n=25, m=150)
2026-02-19 09:08:18.549 | INFO     | __main__:run_experiment:527 -   srg26_paulus_g1_vs_g2: 2.46ms total, 0.0189ms/edge (n=26, m=130)
2026-02-19 09:08:18.566 | INFO     | __main__:run_experiment:527 -   csl41_skip2_vs_skip3: 16.47ms total, 0.2009ms/edge (n=41, m=82)
2026-02-19 09:08:18.579 | INFO     | __main__:run_experiment:527 -   csl41_skip4_vs_skip5: 12.56ms total, 0.1532ms/edge (n=41, m=82)
2026-02-19 09:08:18.592 | INFO     | __main__:run_experiment:527 -   csl41_skip6_vs_skip9: 12.13ms total, 0.1480ms/edge (n=41, m=82)
2026-02-19 09:08:18.604 | INFO     | __main__:run_experiment:527 -   csl41_skip11_vs_skip12: 12.13ms total, 0.1479ms/edge (n=41, m=82)
2026-02-19 09:08:18.622 | INFO     | __main__:run_experiment:527 -   csl41_skip13_vs_skip16: 16.75ms total, 0.2043ms/edge (n=41, m=82)
2026-02-19 09:08:18.623 | INFO     | __main__:run_experiment:533 - Total experiment time: 27.51s
2026-02-19 09:08:18.628 | INFO     | __main__:print_summary_table:643 - === NDS ABLATION SUMMARY (T=10, symmetric_norm) ===
2026-02-19 09:08:18.629 | INFO     | __main__:print_summary_table:647 - 
Init: degree
2026-02-19 09:08:18.629 | INFO     | __main__:print_summary_table:648 - Pair                                  linear     relu     tanh      abs   square
2026-02-19 09:08:18.630 | INFO     | __main__:print_summary_table:649 - --------------------------------------------------------------------------------
2026-02-19 09:08:18.631 | INFO     | __main__:print_summary_table:669 - srg16_rook_vs_shrikhande                  no       no       no       no      YES
2026-02-19 09:08:18.632 | INFO     | __main__:print_summary_table:669 - srg25_paulus_g1_vs_g2                     no       no       no       no      YES
2026-02-19 09:08:18.633 | INFO     | __main__:print_summary_table:669 - srg25_paulus_g1_vs_g3                     no       no       no       no      YES
2026-02-19 09:08:18.634 | INFO     | __main__:print_summary_table:669 - srg26_paulus_g1_vs_g2                     no       no       no       no      YES
2026-02-19 09:08:18.636 | INFO     | __main__:print_summary_table:669 - csl41_skip2_vs_skip3                      no       no       no       no      YES
2026-02-19 09:08:18.637 | INFO     | __main__:print_summary_table:669 - csl41_skip4_vs_skip5                      no       no       no       no      YES
2026-02-19 09:08:18.638 | INFO     | __main__:print_summary_table:669 - csl41_skip6_vs_skip9                      no       no       no       no      YES
2026-02-19 09:08:18.639 | INFO     | __main__:print_summary_table:669 - csl41_skip11_vs_skip12                    no       no       no       no      YES
2026-02-19 09:08:18.640 | INFO     | __main__:print_summary_table:669 - csl41_skip13_vs_skip16                    no       no       no       no      YES
2026-02-19 09:08:18.641 | INFO     | __main__:print_summary_table:647 - 
Init: adjacency_row
2026-02-19 09:08:18.641 | INFO     | __main__:print_summary_table:648 - Pair                                  linear     relu     tanh      abs   square
2026-02-19 09:08:18.641 | INFO     | __main__:print_summary_table:649 - --------------------------------------------------------------------------------
2026-02-19 09:08:18.643 | INFO     | __main__:print_summary_table:669 - srg16_rook_vs_shrikhande                 YES      YES      YES      YES      YES
2026-02-19 09:08:18.644 | INFO     | __main__:print_summary_table:669 - srg25_paulus_g1_vs_g2                    YES      YES      YES      YES      YES
2026-02-19 09:08:18.645 | INFO     | __main__:print_summary_table:669 - srg25_paulus_g1_vs_g3                    YES      YES      YES      YES      YES
2026-02-19 09:08:18.646 | INFO     | __main__:print_summary_table:669 - srg26_paulus_g1_vs_g2                    YES      YES      YES      YES      YES
2026-02-19 09:08:18.647 | INFO     | __main__:print_summary_table:669 - csl41_skip2_vs_skip3                     YES      YES      YES      YES      YES
2026-02-19 09:08:18.648 | INFO     | __main__:print_summary_table:669 - csl41_skip4_vs_skip5                     YES      YES      YES      YES      YES
2026-02-19 09:08:18.650 | INFO     | __main__:print_summary_table:669 - csl41_skip6_vs_skip9                     YES      YES      YES      YES      YES
2026-02-19 09:08:18.651 | INFO     | __main__:print_summary_table:669 - csl41_skip11_vs_skip12                   YES      YES      YES      YES      YES
2026-02-19 09:08:18.652 | INFO     | __main__:print_summary_table:669 - csl41_skip13_vs_skip16                   YES      YES      YES      YES      YES
2026-02-19 09:08:18.653 | INFO     | __main__:print_summary_table:647 - 
Init: random
2026-02-19 09:08:18.653 | INFO     | __main__:print_summary_table:648 - Pair                                  linear     relu     tanh      abs   square
2026-02-19 09:08:18.654 | INFO     | __main__:print_summary_table:649 - --------------------------------------------------------------------------------
2026-02-19 09:08:18.655 | INFO     | __main__:print_summary_table:669 - srg16_rook_vs_shrikhande                 YES      YES      YES      YES      YES
2026-02-19 09:08:18.656 | INFO     | __main__:print_summary_table:669 - srg25_paulus_g1_vs_g2                    YES      YES      YES      YES      YES
2026-02-19 09:08:18.657 | INFO     | __main__:print_summary_table:669 - srg25_paulus_g1_vs_g3                    YES      YES      YES      YES      YES
2026-02-19 09:08:18.658 | INFO     | __main__:print_summary_table:669 - srg26_paulus_g1_vs_g2                    YES      YES      YES      YES      YES
2026-02-19 09:08:18.660 | INFO     | __main__:print_summary_table:669 - csl41_skip2_vs_skip3                     YES      YES      YES      YES      YES
2026-02-19 09:08:18.661 | INFO     | __main__:print_summary_table:669 - csl41_skip4_vs_skip5                     YES      YES      YES      YES      YES
2026-02-19 09:08:18.662 | INFO     | __main__:print_summary_table:669 - csl41_skip6_vs_skip9                     YES      YES      YES      YES      YES
2026-02-19 09:08:18.663 | INFO     | __main__:print_summary_table:669 - csl41_skip11_vs_skip12                   YES      YES      YES      YES      YES
2026-02-19 09:08:18.664 | INFO     | __main__:print_summary_table:669 - csl41_skip13_vs_skip16                   YES      YES      YES      YES      YES
2026-02-19 09:08:18.665 | INFO     | __main__:print_summary_table:672 - 
=== Minimum T for distinction (relu, adj_row, sym_norm) ===
2026-02-19 09:08:18.665 | INFO     | __main__:print_summary_table:673 - Pair                                   Min T
2026-02-19 09:08:18.665 | INFO     | __main__:print_summary_table:674 - ---------------------------------------------
2026-02-19 09:08:18.666 | INFO     | __main__:print_summary_table:686 - srg16_rook_vs_shrikhande                   0
2026-02-19 09:08:18.667 | INFO     | __main__:print_summary_table:686 - srg25_paulus_g1_vs_g2                      0
2026-02-19 09:08:18.668 | INFO     | __main__:print_summary_table:686 - srg25_paulus_g1_vs_g3                      0
2026-02-19 09:08:18.669 | INFO     | __main__:print_summary_table:686 - srg26_paulus_g1_vs_g2                      0
2026-02-19 09:08:18.670 | INFO     | __main__:print_summary_table:686 - csl41_skip2_vs_skip3                       0
2026-02-19 09:08:18.670 | INFO     | __main__:print_summary_table:686 - csl41_skip4_vs_skip5                       0
2026-02-19 09:08:18.671 | INFO     | __main__:print_summary_table:686 - csl41_skip6_vs_skip9                       0
2026-02-19 09:08:18.671 | INFO     | __main__:print_summary_table:686 - csl41_skip11_vs_skip12                     0
2026-02-19 09:08:18.672 | INFO     | __main__:print_summary_table:686 - csl41_skip13_vs_skip16                     0
2026-02-19 09:08:18.672 | INFO     | __main__:main:805 - 
=== KEY FINDINGS ===
2026-02-19 09:08:18.672 | INFO     | __main__:main:806 - Best NDS config: square/degree
2026-02-19 09:08:18.673 | INFO     | __main__:main:807 - Pairs distinguished by best NDS: 9/9
2026-02-19 09:08:18.673 | INFO     | __main__:main:808 - Pairs distinguished by linear (degree): 0/9
2026-02-19 09:08:18.673 | INFO     | __main__:main:809 - Pairs distinguished by linear (adj_row): 9/9
2026-02-19 09:08:18.674 | INFO     | __main__:main:810 - Nonlinearity comparison (adj_row, T=10): {'abs': 9, 'linear': 9, 'square': 9, 'tanh': 9, 'relu': 9}
2026-02-19 09:08:18.674 | INFO     | __main__:main:811 - Avg Frobenius by nonlin (adj_row, T=10): {'abs': 17.70164332136812, 'linear': 17.70164332136812, 'square': 13.314528792955803, 'tanh': 15.825605102690767, 'relu': 17.70164332136812}
2026-02-19 09:08:18.674 | INFO     | __main__:main:812 - Min T (relu/adj_row): {'srg16_rook_vs_shrikhande': 0, 'srg25_paulus_g1_vs_g2': 0, 'srg25_paulus_g1_vs_g3': 0, 'srg26_paulus_g1_vs_g2': 0, 'csl41_skip2_vs_skip3': 0, 'csl41_skip4_vs_skip5': 0, 'csl41_skip6_vs_skip9': 0, 'csl41_skip11_vs_skip12': 0, 'csl41_skip13_vs_skip16': 0}
2026-02-19 09:08:18.675 | INFO     | __main__:main:813 - Total time: 27.53s
2026-02-19 09:08:18.781 | INFO     | __main__:main:825 - Saved 3195 examples to /home/adrian/projects/ai-inventor/aii_pipeline/runs/run__20260219_082247/3_invention_loop/iter_2/gen_art/exp_id1_it2__opus/method_out.json
2026-02-19 09:08:18.781 | INFO     | __main__:main:826 - File size: 2875.5 KB
2026-02-19 09:08:18.782 | INFO     | __main__:main:828 - DONE
2026-02-19 09:08:22.357 | INFO     | __main__:main:783 - ======================================================================
2026-02-19 09:08:22.357 | INFO     | __main__:main:784 - NDS Ablation Study — Nonlinear Diffusion Signatures
2026-02-19 09:08:22.357 | INFO     | __main__:main:785 - ======================================================================
2026-02-19 09:08:22.358 | INFO     | __main__:load_graph_pairs:70 - Loading data from /home/adrian/projects/ai-inventor/aii_pipeline/runs/run__20260219_082247/3_invention_loop/iter_2/gen_art/exp_id1_it2__opus/dependencies/data_id3_it1__opus/full_data_out.json
2026-02-19 09:08:22.358 | INFO     | __main__:load_graph_pairs:73 - Found 9 graph pairs
2026-02-19 09:08:22.359 | INFO     | __main__:load_graph_pairs:102 -   Pair srg16_rook_vs_shrikhande: n=16, edges_a=48, edges_b=48, category=srg_16_6_2_2
2026-02-19 09:08:22.360 | INFO     | __main__:load_graph_pairs:102 -   Pair srg25_paulus_g1_vs_g2: n=25, edges_a=150, edges_b=150, category=srg_25_12_5_6
2026-02-19 09:08:22.361 | INFO     | __main__:load_graph_pairs:102 -   Pair srg25_paulus_g1_vs_g3: n=25, edges_a=150, edges_b=150, category=srg_25_12_5_6
2026-02-19 09:08:22.362 | INFO     | __main__:load_graph_pairs:102 -   Pair srg26_paulus_g1_vs_g2: n=26, edges_a=130, edges_b=130, category=srg_26_10_3_4
2026-02-19 09:08:22.364 | INFO     | __main__:load_graph_pairs:102 -   Pair csl41_skip2_vs_skip3: n=41, edges_a=82, edges_b=82, category=csl_41
2026-02-19 09:08:22.365 | INFO     | __main__:load_graph_pairs:102 -   Pair csl41_skip4_vs_skip5: n=41, edges_a=82, edges_b=82, category=csl_41
2026-02-19 09:08:22.366 | INFO     | __main__:load_graph_pairs:102 -   Pair csl41_skip6_vs_skip9: n=41, edges_a=82, edges_b=82, category=csl_41
2026-02-19 09:08:22.367 | INFO     | __main__:load_graph_pairs:102 -   Pair csl41_skip11_vs_skip12: n=41, edges_a=82, edges_b=82, category=csl_41
2026-02-19 09:08:22.368 | INFO     | __main__:load_graph_pairs:102 -   Pair csl41_skip13_vs_skip16: n=41, edges_a=82, edges_b=82, category=csl_41
2026-02-19 09:08:22.372 | INFO     | __main__:self_consistency_check:334 - Self-consistency check: frob=0.00e+00, match=True
2026-02-19 09:08:22.373 | INFO     | __main__:self_consistency_check:337 - Self-consistency check PASSED
2026-02-19 09:08:22.373 | INFO     | __main__:run_experiment:403 - Main grid: 9 pairs x 5 nonlins x 3 inits x 21 T values = 2835
2026-02-19 09:08:22.374 | INFO     | __main__:run_experiment:409 - --- Phase 1: Single-pair sanity check ---
2026-02-19 09:08:22.375 | INFO     | __main__:run_experiment:417 - Sanity result: pair=srg16_rook_vs_shrikhande, relu/adj_row/T=5 → distinguished=True, frob=9.983727e+00, mmd=2.808951e-03
2026-02-19 09:08:22.376 | INFO     | __main__:run_experiment:424 - Phase 1 time: 0.00s
2026-02-19 09:08:22.376 | INFO     | __main__:run_experiment:429 - --- Phase 2: All pairs, relu/adj_row/T=5 ---
2026-02-19 09:08:22.377 | INFO     | __main__:run_experiment:440 -   srg16_rook_vs_shrikhande: distinguished=True, frob=9.983727e+00
2026-02-19 09:08:22.379 | INFO     | __main__:run_experiment:440 -   srg25_paulus_g1_vs_g2: distinguished=True, frob=9.207996e+00
2026-02-19 09:08:22.381 | INFO     | __main__:run_experiment:440 -   srg25_paulus_g1_vs_g3: distinguished=True, frob=9.207996e+00
2026-02-19 09:08:22.382 | INFO     | __main__:run_experiment:440 -   srg26_paulus_g1_vs_g2: distinguished=True, frob=5.699406e+00
2026-02-19 09:08:22.410 | INFO     | __main__:run_experiment:440 -   csl41_skip2_vs_skip3: distinguished=True, frob=2.113722e+01
2026-02-19 09:08:22.423 | INFO     | __main__:run_experiment:440 -   csl41_skip4_vs_skip5: distinguished=True, frob=2.304190e+01
2026-02-19 09:08:22.442 | INFO     | __main__:run_experiment:440 -   csl41_skip6_vs_skip9: distinguished=True, frob=2.425057e+01
2026-02-19 09:08:22.466 | INFO     | __main__:run_experiment:440 -   csl41_skip11_vs_skip12: distinguished=True, frob=2.349306e+01
2026-02-19 09:08:22.501 | INFO     | __main__:run_experiment:440 -   csl41_skip13_vs_skip16: distinguished=True, frob=2.192266e+01
2026-02-19 09:08:22.511 | INFO     | __main__:run_experiment:443 - Phase 2: 9/9 pairs distinguished. Time: 0.14s
2026-02-19 09:08:22.511 | INFO     | __main__:run_experiment:448 - --- Phase 3: Full main grid ---
2026-02-19 09:08:22.873 | INFO     | __main__:run_experiment:466 -   Completed pair srg16_rook_vs_shrikhande (315/2835)
2026-02-19 09:08:25.037 | INFO     | __main__:run_experiment:466 -   Completed pair srg25_paulus_g1_vs_g2 (630/2835)
2026-02-19 09:08:27.755 | INFO     | __main__:run_experiment:466 -   Completed pair srg25_paulus_g1_vs_g3 (945/2835)
2026-02-19 09:08:30.076 | INFO     | __main__:run_experiment:466 -   Completed pair srg26_paulus_g1_vs_g2 (1260/2835)
2026-02-19 09:08:34.814 | INFO     | __main__:run_experiment:466 -   Completed pair csl41_skip2_vs_skip3 (1575/2835)
2026-02-19 09:08:39.638 | INFO     | __main__:run_experiment:466 -   Completed pair csl41_skip4_vs_skip5 (1890/2835)
2026-02-19 09:08:44.253 | INFO     | __main__:run_experiment:466 -   Completed pair csl41_skip6_vs_skip9 (2205/2835)
2026-02-19 09:08:47.931 | INFO     | __main__:run_experiment:466 -   Completed pair csl41_skip11_vs_skip12 (2520/2835)
2026-02-19 09:08:50.143 | INFO     | __main__:run_experiment:466 -   Completed pair csl41_skip13_vs_skip16 (2835/2835)
2026-02-19 09:08:50.144 | INFO     | __main__:run_experiment:469 - Phase 3 complete: 2835 configs in 27.77s
2026-02-19 09:08:50.144 | INFO     | __main__:run_experiment:474 - --- Phase 4: Extra nonlinearities (leaky_relu, softplus) ---
2026-02-19 09:08:51.756 | INFO     | __main__:run_experiment:490 - Phase 4 complete. Total results: 2979. Time: 29.38s
2026-02-19 09:08:51.756 | INFO     | __main__:run_experiment:495 - --- Phase 5: Alternative diffusion operators ---
2026-02-19 09:08:55.038 | INFO     | __main__:run_experiment:510 - Phase 5 complete. Total results: 3195. Time: 32.67s
2026-02-19 09:08:55.039 | INFO     | __main__:run_experiment:515 - --- Timing measurements (relu, adj_row, T=10) ---
2026-02-19 09:08:55.044 | INFO     | __main__:run_experiment:527 -   srg16_rook_vs_shrikhande: 4.47ms total, 0.0932ms/edge (n=16, m=48)
2026-02-19 09:08:55.047 | INFO     | __main__:run_experiment:527 -   srg25_paulus_g1_vs_g2: 2.81ms total, 0.0187ms/edge (n=25, m=150)
2026-02-19 09:08:55.058 | INFO     | __main__:run_experiment:527 -   srg25_paulus_g1_vs_g3: 2.61ms total, 0.0174ms/edge (n=25, m=150)
2026-02-19 09:08:55.062 | INFO     | __main__:run_experiment:527 -   srg26_paulus_g1_vs_g2: 2.60ms total, 0.0200ms/edge (n=26, m=130)
2026-02-19 09:08:55.108 | INFO     | __main__:run_experiment:527 -   csl41_skip2_vs_skip3: 41.00ms total, 0.4999ms/edge (n=41, m=82)
2026-02-19 09:08:55.137 | INFO     | __main__:run_experiment:527 -   csl41_skip4_vs_skip5: 26.53ms total, 0.3236ms/edge (n=41, m=82)
2026-02-19 09:08:55.173 | INFO     | __main__:run_experiment:527 -   csl41_skip6_vs_skip9: 30.03ms total, 0.3662ms/edge (n=41, m=82)
2026-02-19 09:08:55.211 | INFO     | __main__:run_experiment:527 -   csl41_skip11_vs_skip12: 37.23ms total, 0.4540ms/edge (n=41, m=82)
2026-02-19 09:08:55.248 | INFO     | __main__:run_experiment:527 -   csl41_skip13_vs_skip16: 37.21ms total, 0.4537ms/edge (n=41, m=82)
2026-02-19 09:08:55.250 | INFO     | __main__:run_experiment:533 - Total experiment time: 32.88s
2026-02-19 09:08:55.258 | INFO     | __main__:print_summary_table:643 - === NDS ABLATION SUMMARY (T=10, symmetric_norm) ===
2026-02-19 09:08:55.258 | INFO     | __main__:print_summary_table:647 - 
Init: degree
2026-02-19 09:08:55.259 | INFO     | __main__:print_summary_table:648 - Pair                                  linear     relu     tanh      abs   square
2026-02-19 09:08:55.259 | INFO     | __main__:print_summary_table:649 - --------------------------------------------------------------------------------
2026-02-19 09:08:55.261 | INFO     | __main__:print_summary_table:669 - srg16_rook_vs_shrikhande                  no       no       no       no      YES
2026-02-19 09:08:55.274 | INFO     | __main__:print_summary_table:669 - srg25_paulus_g1_vs_g2                     no       no       no       no      YES
2026-02-19 09:08:55.275 | INFO     | __main__:print_summary_table:669 - srg25_paulus_g1_vs_g3                     no       no       no       no      YES
2026-02-19 09:08:55.276 | INFO     | __main__:print_summary_table:669 - srg26_paulus_g1_vs_g2                     no       no       no       no      YES
2026-02-19 09:08:55.277 | INFO     | __main__:print_summary_table:669 - csl41_skip2_vs_skip3                      no       no       no       no      YES
2026-02-19 09:08:55.278 | INFO     | __main__:print_summary_table:669 - csl41_skip4_vs_skip5                      no       no       no       no      YES
2026-02-19 09:08:55.279 | INFO     | __main__:print_summary_table:669 - csl41_skip6_vs_skip9                      no       no       no       no      YES
2026-02-19 09:08:55.280 | INFO     | __main__:print_summary_table:669 - csl41_skip11_vs_skip12                    no       no       no       no      YES
2026-02-19 09:08:55.282 | INFO     | __main__:print_summary_table:669 - csl41_skip13_vs_skip16                    no       no       no       no      YES
2026-02-19 09:08:55.282 | INFO     | __main__:print_summary_table:647 - 
Init: adjacency_row
2026-02-19 09:08:55.282 | INFO     | __main__:print_summary_table:648 - Pair                                  linear     relu     tanh      abs   square
2026-02-19 09:08:55.283 | INFO     | __main__:print_summary_table:649 - --------------------------------------------------------------------------------
2026-02-19 09:08:55.284 | INFO     | __main__:print_summary_table:669 - srg16_rook_vs_shrikhande                 YES      YES      YES      YES      YES
2026-02-19 09:08:55.285 | INFO     | __main__:print_summary_table:669 - srg25_paulus_g1_vs_g2                    YES      YES      YES      YES      YES
2026-02-19 09:08:55.286 | INFO     | __main__:print_summary_table:669 - srg25_paulus_g1_vs_g3                    YES      YES      YES      YES      YES
2026-02-19 09:08:55.294 | INFO     | __main__:print_summary_table:669 - srg26_paulus_g1_vs_g2                    YES      YES      YES      YES      YES
2026-02-19 09:08:55.297 | INFO     | __main__:print_summary_table:669 - csl41_skip2_vs_skip3                     YES      YES      YES      YES      YES
2026-02-19 09:08:55.300 | INFO     | __main__:print_summary_table:669 - csl41_skip4_vs_skip5                     YES      YES      YES      YES      YES
2026-02-19 09:08:55.308 | INFO     | __main__:print_summary_table:669 - csl41_skip6_vs_skip9                     YES      YES      YES      YES      YES
2026-02-19 09:08:55.309 | INFO     | __main__:print_summary_table:669 - csl41_skip11_vs_skip12                   YES      YES      YES      YES      YES
2026-02-19 09:08:55.310 | INFO     | __main__:print_summary_table:669 - csl41_skip13_vs_skip16                   YES      YES      YES      YES      YES
2026-02-19 09:08:55.310 | INFO     | __main__:print_summary_table:647 - 
Init: random
2026-02-19 09:08:55.311 | INFO     | __main__:print_summary_table:648 - Pair                                  linear     relu     tanh      abs   square
2026-02-19 09:08:55.311 | INFO     | __main__:print_summary_table:649 - --------------------------------------------------------------------------------
2026-02-19 09:08:55.312 | INFO     | __main__:print_summary_table:669 - srg16_rook_vs_shrikhande                 YES      YES      YES      YES      YES
2026-02-19 09:08:55.313 | INFO     | __main__:print_summary_table:669 - srg25_paulus_g1_vs_g2                    YES      YES      YES      YES      YES
2026-02-19 09:08:55.315 | INFO     | __main__:print_summary_table:669 - srg25_paulus_g1_vs_g3                    YES      YES      YES      YES      YES
2026-02-19 09:08:55.317 | INFO     | __main__:print_summary_table:669 - srg26_paulus_g1_vs_g2                    YES      YES      YES      YES      YES
2026-02-19 09:08:55.321 | INFO     | __main__:print_summary_table:669 - csl41_skip2_vs_skip3                     YES      YES      YES      YES      YES
2026-02-19 09:08:55.323 | INFO     | __main__:print_summary_table:669 - csl41_skip4_vs_skip5                     YES      YES      YES      YES      YES
2026-02-19 09:08:55.324 | INFO     | __main__:print_summary_table:669 - csl41_skip6_vs_skip9                     YES      YES      YES      YES      YES
2026-02-19 09:08:55.325 | INFO     | __main__:print_summary_table:669 - csl41_skip11_vs_skip12                   YES      YES      YES      YES      YES
2026-02-19 09:08:55.326 | INFO     | __main__:print_summary_table:669 - csl41_skip13_vs_skip16                   YES      YES      YES      YES      YES
2026-02-19 09:08:55.326 | INFO     | __main__:print_summary_table:672 - 
=== Minimum T for distinction (relu, adj_row, sym_norm) ===
2026-02-19 09:08:55.326 | INFO     | __main__:print_summary_table:673 - Pair                                   Min T
2026-02-19 09:08:55.326 | INFO     | __main__:print_summary_table:674 - ---------------------------------------------
2026-02-19 09:08:55.327 | INFO     | __main__:print_summary_table:686 - srg16_rook_vs_shrikhande                   0
2026-02-19 09:08:55.327 | INFO     | __main__:print_summary_table:686 - srg25_paulus_g1_vs_g2                      0
2026-02-19 09:08:55.327 | INFO     | __main__:print_summary_table:686 - srg25_paulus_g1_vs_g3                      0
2026-02-19 09:08:55.328 | INFO     | __main__:print_summary_table:686 - srg26_paulus_g1_vs_g2                      0
2026-02-19 09:08:55.328 | INFO     | __main__:print_summary_table:686 - csl41_skip2_vs_skip3                       0
2026-02-19 09:08:55.328 | INFO     | __main__:print_summary_table:686 - csl41_skip4_vs_skip5                       0
2026-02-19 09:08:55.329 | INFO     | __main__:print_summary_table:686 - csl41_skip6_vs_skip9                       0
2026-02-19 09:08:55.329 | INFO     | __main__:print_summary_table:686 - csl41_skip11_vs_skip12                     0
2026-02-19 09:08:55.329 | INFO     | __main__:print_summary_table:686 - csl41_skip13_vs_skip16                     0
2026-02-19 09:08:55.330 | INFO     | __main__:main:805 - 
=== KEY FINDINGS ===
2026-02-19 09:08:55.330 | INFO     | __main__:main:806 - Best NDS config: square/degree
2026-02-19 09:08:55.330 | INFO     | __main__:main:807 - Pairs distinguished by best NDS: 9/9
2026-02-19 09:08:55.330 | INFO     | __main__:main:808 - Pairs distinguished by linear (degree): 0/9
2026-02-19 09:08:55.330 | INFO     | __main__:main:809 - Pairs distinguished by linear (adj_row): 9/9
2026-02-19 09:08:55.330 | INFO     | __main__:main:810 - Nonlinearity comparison (adj_row, T=10): {'tanh': 9, 'relu': 9, 'linear': 9, 'abs': 9, 'square': 9}
2026-02-19 09:08:55.330 | INFO     | __main__:main:811 - Avg Frobenius by nonlin (adj_row, T=10): {'tanh': 15.825605102690767, 'relu': 17.70164332136812, 'linear': 17.70164332136812, 'abs': 17.70164332136812, 'square': 13.314528792955803}
2026-02-19 09:08:55.330 | INFO     | __main__:main:812 - Min T (relu/adj_row): {'srg16_rook_vs_shrikhande': 0, 'srg25_paulus_g1_vs_g2': 0, 'srg25_paulus_g1_vs_g3': 0, 'srg26_paulus_g1_vs_g2': 0, 'csl41_skip2_vs_skip3': 0, 'csl41_skip4_vs_skip5': 0, 'csl41_skip6_vs_skip9': 0, 'csl41_skip11_vs_skip12': 0, 'csl41_skip13_vs_skip16': 0}
2026-02-19 09:08:55.330 | INFO     | __main__:main:813 - Total time: 32.89s
2026-02-19 09:08:55.460 | INFO     | __main__:main:825 - Saved 3195 examples to /home/adrian/projects/ai-inventor/aii_pipeline/runs/run__20260219_082247/3_invention_loop/iter_2/gen_art/exp_id1_it2__opus/method_out.json
2026-02-19 09:08:55.460 | INFO     | __main__:main:826 - File size: 2875.5 KB
2026-02-19 09:08:55.461 | INFO     | __main__:main:828 - DONE
2026-02-19 09:10:40.454 | INFO     | __main__:main:824 - ======================================================================
2026-02-19 09:10:40.454 | INFO     | __main__:main:825 - NDS Ablation Study — Nonlinear Diffusion Signatures
2026-02-19 09:10:40.454 | INFO     | __main__:main:826 - ======================================================================
2026-02-19 09:10:40.454 | INFO     | __main__:load_graph_pairs:70 - Loading data from /home/adrian/projects/ai-inventor/aii_pipeline/runs/run__20260219_082247/3_invention_loop/iter_2/gen_art/exp_id1_it2__opus/dependencies/data_id3_it1__opus/full_data_out.json
2026-02-19 09:10:40.454 | INFO     | __main__:load_graph_pairs:73 - Found 9 graph pairs
2026-02-19 09:10:40.455 | INFO     | __main__:load_graph_pairs:102 -   Pair srg16_rook_vs_shrikhande: n=16, edges_a=48, edges_b=48, category=srg_16_6_2_2
2026-02-19 09:10:40.456 | INFO     | __main__:load_graph_pairs:102 -   Pair srg25_paulus_g1_vs_g2: n=25, edges_a=150, edges_b=150, category=srg_25_12_5_6
2026-02-19 09:10:40.457 | INFO     | __main__:load_graph_pairs:102 -   Pair srg25_paulus_g1_vs_g3: n=25, edges_a=150, edges_b=150, category=srg_25_12_5_6
2026-02-19 09:10:40.457 | INFO     | __main__:load_graph_pairs:102 -   Pair srg26_paulus_g1_vs_g2: n=26, edges_a=130, edges_b=130, category=srg_26_10_3_4
2026-02-19 09:10:40.458 | INFO     | __main__:load_graph_pairs:102 -   Pair csl41_skip2_vs_skip3: n=41, edges_a=82, edges_b=82, category=csl_41
2026-02-19 09:10:40.459 | INFO     | __main__:load_graph_pairs:102 -   Pair csl41_skip4_vs_skip5: n=41, edges_a=82, edges_b=82, category=csl_41
2026-02-19 09:10:40.460 | INFO     | __main__:load_graph_pairs:102 -   Pair csl41_skip6_vs_skip9: n=41, edges_a=82, edges_b=82, category=csl_41
2026-02-19 09:10:40.461 | INFO     | __main__:load_graph_pairs:102 -   Pair csl41_skip11_vs_skip12: n=41, edges_a=82, edges_b=82, category=csl_41
2026-02-19 09:10:40.462 | INFO     | __main__:load_graph_pairs:102 -   Pair csl41_skip13_vs_skip16: n=41, edges_a=82, edges_b=82, category=csl_41
2026-02-19 09:10:40.464 | INFO     | __main__:self_consistency_check:375 - Self-consistency check: frob=0.00e+00, match=True
2026-02-19 09:10:40.464 | INFO     | __main__:self_consistency_check:378 - Self-consistency check PASSED
2026-02-19 09:10:40.464 | INFO     | __main__:run_experiment:444 - Main grid: 9 pairs x 5 nonlins x 3 inits x 21 T values = 2835
2026-02-19 09:10:40.464 | INFO     | __main__:run_experiment:450 - --- Phase 1: Single-pair sanity check ---
2026-02-19 09:10:40.466 | INFO     | __main__:run_experiment:458 - Sanity result: pair=srg16_rook_vs_shrikhande, relu/adj_row/T=5 → distinguished=True, frob=9.983727e+00, mmd=2.808951e-03
2026-02-19 09:10:40.466 | INFO     | __main__:run_experiment:465 - Phase 1 time: 0.00s
2026-02-19 09:10:40.467 | INFO     | __main__:run_experiment:470 - --- Phase 2: All pairs, relu/adj_row/T=5 ---
2026-02-19 09:10:40.469 | INFO     | __main__:run_experiment:481 -   srg16_rook_vs_shrikhande: distinguished=True, frob=9.983727e+00
2026-02-19 09:10:40.473 | INFO     | __main__:run_experiment:481 -   srg25_paulus_g1_vs_g2: distinguished=True, frob=9.207996e+00
2026-02-19 09:10:40.477 | INFO     | __main__:run_experiment:481 -   srg25_paulus_g1_vs_g3: distinguished=True, frob=9.207996e+00
2026-02-19 09:10:40.481 | INFO     | __main__:run_experiment:481 -   srg26_paulus_g1_vs_g2: distinguished=True, frob=5.699406e+00
2026-02-19 09:10:40.492 | INFO     | __main__:run_experiment:481 -   csl41_skip2_vs_skip3: distinguished=True, frob=2.113722e+01
2026-02-19 09:10:40.513 | INFO     | __main__:run_experiment:481 -   csl41_skip4_vs_skip5: distinguished=True, frob=2.304190e+01
2026-02-19 09:10:40.526 | INFO     | __main__:run_experiment:481 -   csl41_skip6_vs_skip9: distinguished=True, frob=2.425057e+01
2026-02-19 09:10:40.547 | INFO     | __main__:run_experiment:481 -   csl41_skip11_vs_skip12: distinguished=True, frob=2.349306e+01
2026-02-19 09:10:40.579 | INFO     | __main__:run_experiment:481 -   csl41_skip13_vs_skip16: distinguished=True, frob=2.192266e+01
2026-02-19 09:10:40.579 | INFO     | __main__:run_experiment:484 - Phase 2: 9/9 pairs distinguished. Time: 0.12s
2026-02-19 09:10:40.579 | INFO     | __main__:run_experiment:489 - --- Phase 3: Full main grid ---
2026-02-19 09:10:41.052 | INFO     | __main__:run_experiment:507 -   Completed pair srg16_rook_vs_shrikhande (315/2835)
2026-02-19 09:10:42.269 | INFO     | __main__:run_experiment:507 -   Completed pair srg25_paulus_g1_vs_g2 (630/2835)
2026-02-19 09:10:44.263 | INFO     | __main__:run_experiment:507 -   Completed pair srg25_paulus_g1_vs_g3 (945/2835)
2026-02-19 09:10:47.032 | INFO     | __main__:run_experiment:507 -   Completed pair srg26_paulus_g1_vs_g2 (1260/2835)
2026-02-19 09:10:51.398 | INFO     | __main__:run_experiment:507 -   Completed pair csl41_skip2_vs_skip3 (1575/2835)
2026-02-19 09:10:55.291 | INFO     | __main__:run_experiment:507 -   Completed pair csl41_skip4_vs_skip5 (1890/2835)
2026-02-19 09:10:59.589 | INFO     | __main__:run_experiment:507 -   Completed pair csl41_skip6_vs_skip9 (2205/2835)
2026-02-19 09:11:02.658 | INFO     | __main__:run_experiment:507 -   Completed pair csl41_skip11_vs_skip12 (2520/2835)
2026-02-19 09:11:04.700 | INFO     | __main__:run_experiment:507 -   Completed pair csl41_skip13_vs_skip16 (2835/2835)
2026-02-19 09:11:04.701 | INFO     | __main__:run_experiment:510 - Phase 3 complete: 2835 configs in 24.24s
2026-02-19 09:11:04.702 | INFO     | __main__:run_experiment:515 - --- Phase 4: Extra nonlinearities (leaky_relu, softplus) ---
2026-02-19 09:11:05.940 | INFO     | __main__:run_experiment:531 - Phase 4 complete. Total results: 2979. Time: 25.48s
2026-02-19 09:11:05.940 | INFO     | __main__:run_experiment:536 - --- Phase 5: Alternative diffusion operators ---
2026-02-19 09:11:08.769 | INFO     | __main__:run_experiment:551 - Phase 5 complete. Total results: 3195. Time: 28.31s
2026-02-19 09:11:08.770 | INFO     | __main__:run_experiment:556 - --- Timing measurements (relu, adj_row, T=10) ---
2026-02-19 09:11:08.772 | INFO     | __main__:run_experiment:568 -   srg16_rook_vs_shrikhande: 1.97ms total, 0.0410ms/edge (n=16, m=48)
2026-02-19 09:11:08.776 | INFO     | __main__:run_experiment:568 -   srg25_paulus_g1_vs_g2: 3.16ms total, 0.0211ms/edge (n=25, m=150)
2026-02-19 09:11:08.779 | INFO     | __main__:run_experiment:568 -   srg25_paulus_g1_vs_g3: 2.88ms total, 0.0192ms/edge (n=25, m=150)
2026-02-19 09:11:08.783 | INFO     | __main__:run_experiment:568 -   srg26_paulus_g1_vs_g2: 3.32ms total, 0.0256ms/edge (n=26, m=130)
2026-02-19 09:11:08.817 | INFO     | __main__:run_experiment:568 -   csl41_skip2_vs_skip3: 33.57ms total, 0.4094ms/edge (n=41, m=82)
2026-02-19 09:11:08.928 | INFO     | __main__:run_experiment:568 -   csl41_skip4_vs_skip5: 110.45ms total, 1.3469ms/edge (n=41, m=82)
2026-02-19 09:11:08.975 | INFO     | __main__:run_experiment:568 -   csl41_skip6_vs_skip9: 45.89ms total, 0.5596ms/edge (n=41, m=82)
2026-02-19 09:11:09.089 | INFO     | __main__:run_experiment:568 -   csl41_skip11_vs_skip12: 106.41ms total, 1.2977ms/edge (n=41, m=82)
2026-02-19 09:11:09.141 | INFO     | __main__:run_experiment:568 -   csl41_skip13_vs_skip16: 51.89ms total, 0.6328ms/edge (n=41, m=82)
2026-02-19 09:11:09.141 | INFO     | __main__:run_experiment:574 - Total experiment time: 28.68s
2026-02-19 09:11:09.147 | INFO     | __main__:print_summary_table:684 - === NDS ABLATION SUMMARY (T=10, symmetric_norm) ===
2026-02-19 09:11:09.147 | INFO     | __main__:print_summary_table:688 - 
Init: degree
2026-02-19 09:11:09.147 | INFO     | __main__:print_summary_table:689 - Pair                                  linear     relu     tanh      abs   square
2026-02-19 09:11:09.147 | INFO     | __main__:print_summary_table:690 - --------------------------------------------------------------------------------
2026-02-19 09:11:09.148 | INFO     | __main__:print_summary_table:710 - srg16_rook_vs_shrikhande                  no       no       no       no       no
2026-02-19 09:11:09.149 | INFO     | __main__:print_summary_table:710 - srg25_paulus_g1_vs_g2                     no       no       no       no       no
2026-02-19 09:11:09.150 | INFO     | __main__:print_summary_table:710 - srg25_paulus_g1_vs_g3                     no       no       no       no       no
2026-02-19 09:11:09.151 | INFO     | __main__:print_summary_table:710 - srg26_paulus_g1_vs_g2                     no       no       no       no       no
2026-02-19 09:11:09.152 | INFO     | __main__:print_summary_table:710 - csl41_skip2_vs_skip3                      no       no       no       no       no
2026-02-19 09:11:09.153 | INFO     | __main__:print_summary_table:710 - csl41_skip4_vs_skip5                      no       no       no       no       no
2026-02-19 09:11:09.155 | INFO     | __main__:print_summary_table:710 - csl41_skip6_vs_skip9                      no       no       no       no       no
2026-02-19 09:11:09.156 | INFO     | __main__:print_summary_table:710 - csl41_skip11_vs_skip12                    no       no       no       no       no
2026-02-19 09:11:09.157 | INFO     | __main__:print_summary_table:710 - csl41_skip13_vs_skip16                    no       no       no       no       no
2026-02-19 09:11:09.157 | INFO     | __main__:print_summary_table:688 - 
Init: adjacency_row
2026-02-19 09:11:09.157 | INFO     | __main__:print_summary_table:689 - Pair                                  linear     relu     tanh      abs   square
2026-02-19 09:11:09.157 | INFO     | __main__:print_summary_table:690 - --------------------------------------------------------------------------------
2026-02-19 09:11:09.158 | INFO     | __main__:print_summary_table:710 - srg16_rook_vs_shrikhande                 YES      YES      YES      YES      YES
2026-02-19 09:11:09.159 | INFO     | __main__:print_summary_table:710 - srg25_paulus_g1_vs_g2                    YES      YES      YES      YES      YES
2026-02-19 09:11:09.160 | INFO     | __main__:print_summary_table:710 - srg25_paulus_g1_vs_g3                    YES      YES      YES      YES      YES
2026-02-19 09:11:09.161 | INFO     | __main__:print_summary_table:710 - srg26_paulus_g1_vs_g2                    YES      YES      YES      YES      YES
2026-02-19 09:11:09.162 | INFO     | __main__:print_summary_table:710 - csl41_skip2_vs_skip3                     YES      YES      YES      YES      YES
2026-02-19 09:11:09.163 | INFO     | __main__:print_summary_table:710 - csl41_skip4_vs_skip5                     YES      YES      YES      YES      YES
2026-02-19 09:11:09.165 | INFO     | __main__:print_summary_table:710 - csl41_skip6_vs_skip9                     YES      YES      YES      YES      YES
2026-02-19 09:11:09.166 | INFO     | __main__:print_summary_table:710 - csl41_skip11_vs_skip12                   YES      YES      YES      YES      YES
2026-02-19 09:11:09.167 | INFO     | __main__:print_summary_table:710 - csl41_skip13_vs_skip16                   YES      YES      YES      YES      YES
2026-02-19 09:11:09.167 | INFO     | __main__:print_summary_table:688 - 
Init: random
2026-02-19 09:11:09.167 | INFO     | __main__:print_summary_table:689 - Pair                                  linear     relu     tanh      abs   square
2026-02-19 09:11:09.167 | INFO     | __main__:print_summary_table:690 - --------------------------------------------------------------------------------
2026-02-19 09:11:09.168 | INFO     | __main__:print_summary_table:710 - srg16_rook_vs_shrikhande                 YES      YES      YES      YES      YES
2026-02-19 09:11:09.169 | INFO     | __main__:print_summary_table:710 - srg25_paulus_g1_vs_g2                    YES      YES      YES      YES      YES
2026-02-19 09:11:09.171 | INFO     | __main__:print_summary_table:710 - srg25_paulus_g1_vs_g3                    YES      YES      YES      YES      YES
2026-02-19 09:11:09.172 | INFO     | __main__:print_summary_table:710 - srg26_paulus_g1_vs_g2                    YES      YES      YES      YES      YES
2026-02-19 09:11:09.173 | INFO     | __main__:print_summary_table:710 - csl41_skip2_vs_skip3                     YES      YES      YES      YES      YES
2026-02-19 09:11:09.174 | INFO     | __main__:print_summary_table:710 - csl41_skip4_vs_skip5                     YES      YES      YES      YES      YES
2026-02-19 09:11:09.175 | INFO     | __main__:print_summary_table:710 - csl41_skip6_vs_skip9                     YES      YES      YES      YES      YES
2026-02-19 09:11:09.177 | INFO     | __main__:print_summary_table:710 - csl41_skip11_vs_skip12                   YES      YES      YES      YES      YES
2026-02-19 09:11:09.178 | INFO     | __main__:print_summary_table:710 - csl41_skip13_vs_skip16                   YES      YES      YES      YES      YES
2026-02-19 09:11:09.178 | INFO     | __main__:print_summary_table:713 - 
=== Minimum T for distinction (relu, adj_row, sym_norm) ===
2026-02-19 09:11:09.178 | INFO     | __main__:print_summary_table:714 - Pair                                   Min T
2026-02-19 09:11:09.178 | INFO     | __main__:print_summary_table:715 - ---------------------------------------------
2026-02-19 09:11:09.179 | INFO     | __main__:print_summary_table:727 - srg16_rook_vs_shrikhande                   0
2026-02-19 09:11:09.179 | INFO     | __main__:print_summary_table:727 - srg25_paulus_g1_vs_g2                      0
2026-02-19 09:11:09.180 | INFO     | __main__:print_summary_table:727 - srg25_paulus_g1_vs_g3                      0
2026-02-19 09:11:09.180 | INFO     | __main__:print_summary_table:727 - srg26_paulus_g1_vs_g2                      0
2026-02-19 09:11:09.180 | INFO     | __main__:print_summary_table:727 - csl41_skip2_vs_skip3                       0
2026-02-19 09:11:09.181 | INFO     | __main__:print_summary_table:727 - csl41_skip4_vs_skip5                       0
2026-02-19 09:11:09.181 | INFO     | __main__:print_summary_table:727 - csl41_skip6_vs_skip9                       0
2026-02-19 09:11:09.181 | INFO     | __main__:print_summary_table:727 - csl41_skip11_vs_skip12                     0
2026-02-19 09:11:09.182 | INFO     | __main__:print_summary_table:727 - csl41_skip13_vs_skip16                     0
2026-02-19 09:11:09.182 | INFO     | __main__:main:846 - 
=== KEY FINDINGS ===
2026-02-19 09:11:09.182 | INFO     | __main__:main:847 - Best NDS config: linear/adjacency_row
2026-02-19 09:11:09.182 | INFO     | __main__:main:848 - Pairs distinguished by best NDS: 9/9
2026-02-19 09:11:09.182 | INFO     | __main__:main:849 - Pairs distinguished by linear (degree): 0/9
2026-02-19 09:11:09.182 | INFO     | __main__:main:850 - Pairs distinguished by linear (adj_row): 9/9
2026-02-19 09:11:09.182 | INFO     | __main__:main:851 - Nonlinearity comparison (adj_row, T=10): {'linear': 9, 'relu': 9, 'square': 9, 'tanh': 9, 'abs': 9}
2026-02-19 09:11:09.182 | INFO     | __main__:main:852 - Avg Frobenius by nonlin (adj_row, T=10): {'linear': 17.70164332136812, 'relu': 17.70164332136812, 'square': 13.314528792955803, 'tanh': 15.825605102690767, 'abs': 17.70164332136812}
2026-02-19 09:11:09.182 | INFO     | __main__:main:853 - Min T (relu/adj_row): {'srg16_rook_vs_shrikhande': 0, 'srg25_paulus_g1_vs_g2': 0, 'srg25_paulus_g1_vs_g3': 0, 'srg26_paulus_g1_vs_g2': 0, 'csl41_skip2_vs_skip3': 0, 'csl41_skip4_vs_skip5': 0, 'csl41_skip6_vs_skip9': 0, 'csl41_skip11_vs_skip12': 0, 'csl41_skip13_vs_skip16': 0}
2026-02-19 09:11:09.182 | INFO     | __main__:main:854 - Total time: 28.69s
2026-02-19 09:11:09.432 | INFO     | __main__:main:866 - Saved 3195 examples to /home/adrian/projects/ai-inventor/aii_pipeline/runs/run__20260219_082247/3_invention_loop/iter_2/gen_art/exp_id1_it2__opus/method_out.json
2026-02-19 09:11:09.432 | INFO     | __main__:main:867 - File size: 2876.6 KB
2026-02-19 09:11:09.433 | INFO     | __main__:main:869 - DONE
2026-02-19 09:13:44.254 | INFO     | __main__:main:937 - ======================================================================
2026-02-19 09:13:44.255 | INFO     | __main__:main:938 - NDS Ablation Study — Nonlinear Diffusion Signatures
2026-02-19 09:13:44.256 | INFO     | __main__:main:939 - ======================================================================
2026-02-19 09:13:44.256 | INFO     | __main__:load_graph_pairs:70 - Loading data from /home/adrian/projects/ai-inventor/aii_pipeline/runs/run__20260219_082247/3_invention_loop/iter_2/gen_art/exp_id1_it2__opus/dependencies/data_id3_it1__opus/full_data_out.json
2026-02-19 09:13:44.257 | INFO     | __main__:load_graph_pairs:73 - Found 9 graph pairs
2026-02-19 09:13:44.259 | INFO     | __main__:load_graph_pairs:102 -   Pair srg16_rook_vs_shrikhande: n=16, edges_a=48, edges_b=48, category=srg_16_6_2_2
2026-02-19 09:13:44.261 | INFO     | __main__:load_graph_pairs:102 -   Pair srg25_paulus_g1_vs_g2: n=25, edges_a=150, edges_b=150, category=srg_25_12_5_6
2026-02-19 09:13:44.263 | INFO     | __main__:load_graph_pairs:102 -   Pair srg25_paulus_g1_vs_g3: n=25, edges_a=150, edges_b=150, category=srg_25_12_5_6
2026-02-19 09:13:44.264 | INFO     | __main__:load_graph_pairs:102 -   Pair srg26_paulus_g1_vs_g2: n=26, edges_a=130, edges_b=130, category=srg_26_10_3_4
2026-02-19 09:13:44.265 | INFO     | __main__:load_graph_pairs:102 -   Pair csl41_skip2_vs_skip3: n=41, edges_a=82, edges_b=82, category=csl_41
2026-02-19 09:13:44.267 | INFO     | __main__:load_graph_pairs:102 -   Pair csl41_skip4_vs_skip5: n=41, edges_a=82, edges_b=82, category=csl_41
2026-02-19 09:13:44.269 | INFO     | __main__:load_graph_pairs:102 -   Pair csl41_skip6_vs_skip9: n=41, edges_a=82, edges_b=82, category=csl_41
2026-02-19 09:13:44.270 | INFO     | __main__:load_graph_pairs:102 -   Pair csl41_skip11_vs_skip12: n=41, edges_a=82, edges_b=82, category=csl_41
2026-02-19 09:13:44.271 | INFO     | __main__:load_graph_pairs:102 -   Pair csl41_skip13_vs_skip16: n=41, edges_a=82, edges_b=82, category=csl_41
2026-02-19 09:13:44.275 | INFO     | __main__:self_consistency_check:375 - Self-consistency check: frob=0.00e+00, match=True
2026-02-19 09:13:44.276 | INFO     | __main__:self_consistency_check:378 - Self-consistency check PASSED
2026-02-19 09:13:44.276 | INFO     | __main__:run_experiment:479 - Main grid: 9 pairs x 5 nonlins x 3 inits x 21 T values = 2835
2026-02-19 09:13:44.277 | INFO     | __main__:run_experiment:485 - --- Phase 1: Single-pair sanity check ---
2026-02-19 09:13:44.282 | INFO     | __main__:run_experiment:493 - Sanity result: pair=srg16_rook_vs_shrikhande, relu/adj_row/T=5 → distinguished=True, frob=9.983727e+00, mmd=2.808951e-03
2026-02-19 09:13:44.283 | INFO     | __main__:run_experiment:500 - Phase 1 time: 0.01s
2026-02-19 09:13:44.283 | INFO     | __main__:run_experiment:505 - --- Phase 2: All pairs, relu/adj_row/T=5 ---
2026-02-19 09:13:44.285 | INFO     | __main__:run_experiment:516 -   srg16_rook_vs_shrikhande: distinguished=True, frob=9.983727e+00
2026-02-19 09:13:44.290 | INFO     | __main__:run_experiment:516 -   srg25_paulus_g1_vs_g2: distinguished=True, frob=9.207996e+00
2026-02-19 09:13:44.294 | INFO     | __main__:run_experiment:516 -   srg25_paulus_g1_vs_g3: distinguished=True, frob=9.207996e+00
2026-02-19 09:13:44.297 | INFO     | __main__:run_experiment:516 -   srg26_paulus_g1_vs_g2: distinguished=True, frob=5.699406e+00
2026-02-19 09:13:44.324 | INFO     | __main__:run_experiment:516 -   csl41_skip2_vs_skip3: distinguished=True, frob=2.113722e+01
2026-02-19 09:13:44.402 | INFO     | __main__:run_experiment:516 -   csl41_skip4_vs_skip5: distinguished=True, frob=2.304190e+01
2026-02-19 09:13:44.420 | INFO     | __main__:run_experiment:516 -   csl41_skip6_vs_skip9: distinguished=True, frob=2.425057e+01
2026-02-19 09:13:44.435 | INFO     | __main__:run_experiment:516 -   csl41_skip11_vs_skip12: distinguished=True, frob=2.349306e+01
2026-02-19 09:13:44.448 | INFO     | __main__:run_experiment:516 -   csl41_skip13_vs_skip16: distinguished=True, frob=2.192266e+01
2026-02-19 09:13:44.449 | INFO     | __main__:run_experiment:519 - Phase 2: 9/9 pairs distinguished. Time: 0.17s
2026-02-19 09:13:44.450 | INFO     | __main__:run_experiment:524 - --- Phase 3: Full main grid ---
2026-02-19 09:13:45.207 | INFO     | __main__:run_experiment:542 -   Completed pair srg16_rook_vs_shrikhande (315/2835)
2026-02-19 09:13:47.258 | INFO     | __main__:run_experiment:542 -   Completed pair srg25_paulus_g1_vs_g2 (630/2835)
2026-02-19 09:13:49.349 | INFO     | __main__:run_experiment:542 -   Completed pair srg25_paulus_g1_vs_g3 (945/2835)
2026-02-19 09:13:51.144 | INFO     | __main__:run_experiment:542 -   Completed pair srg26_paulus_g1_vs_g2 (1260/2835)
2026-02-19 09:13:59.010 | INFO     | __main__:run_experiment:542 -   Completed pair csl41_skip2_vs_skip3 (1575/2835)
2026-02-19 09:14:04.076 | INFO     | __main__:run_experiment:542 -   Completed pair csl41_skip4_vs_skip5 (1890/2835)
2026-02-19 09:14:07.254 | INFO     | __main__:run_experiment:542 -   Completed pair csl41_skip6_vs_skip9 (2205/2835)
2026-02-19 09:14:10.172 | INFO     | __main__:run_experiment:542 -   Completed pair csl41_skip11_vs_skip12 (2520/2835)
2026-02-19 09:14:13.390 | INFO     | __main__:run_experiment:542 -   Completed pair csl41_skip13_vs_skip16 (2835/2835)
2026-02-19 09:14:13.390 | INFO     | __main__:run_experiment:545 - Phase 3 complete: 2835 configs in 29.11s
2026-02-19 09:14:13.391 | INFO     | __main__:run_experiment:550 - --- Phase 4: Extra nonlinearities (leaky_relu, softplus) ---
2026-02-19 09:14:15.361 | INFO     | __main__:run_experiment:566 - Phase 4 complete. Total results: 2979. Time: 31.08s
2026-02-19 09:14:15.361 | INFO     | __main__:run_experiment:571 - --- Phase 5: Alternative diffusion operators ---
2026-02-19 09:14:17.388 | INFO     | __main__:run_experiment:586 - Phase 5 complete. Total results: 3195. Time: 33.11s
2026-02-19 09:14:17.388 | INFO     | __main__:run_experiment:591 - --- Timing measurements (relu, adj_row, T=10) ---
2026-02-19 09:14:17.397 | INFO     | __main__:run_experiment:603 -   srg16_rook_vs_shrikhande: 8.93ms total, 0.1860ms/edge (n=16, m=48)
2026-02-19 09:14:17.403 | INFO     | __main__:run_experiment:603 -   srg25_paulus_g1_vs_g2: 5.25ms total, 0.0350ms/edge (n=25, m=150)
2026-02-19 09:14:17.408 | INFO     | __main__:run_experiment:603 -   srg25_paulus_g1_vs_g3: 5.26ms total, 0.0351ms/edge (n=25, m=150)
2026-02-19 09:14:17.414 | INFO     | __main__:run_experiment:603 -   srg26_paulus_g1_vs_g2: 6.00ms total, 0.0461ms/edge (n=26, m=130)
2026-02-19 09:14:17.432 | INFO     | __main__:run_experiment:603 -   csl41_skip2_vs_skip3: 17.35ms total, 0.2116ms/edge (n=41, m=82)
2026-02-19 09:14:17.447 | INFO     | __main__:run_experiment:603 -   csl41_skip4_vs_skip5: 14.51ms total, 0.1770ms/edge (n=41, m=82)
2026-02-19 09:14:17.471 | INFO     | __main__:run_experiment:603 -   csl41_skip6_vs_skip9: 23.53ms total, 0.2870ms/edge (n=41, m=82)
2026-02-19 09:14:17.484 | INFO     | __main__:run_experiment:603 -   csl41_skip11_vs_skip12: 12.34ms total, 0.1505ms/edge (n=41, m=82)
2026-02-19 09:14:17.514 | INFO     | __main__:run_experiment:603 -   csl41_skip13_vs_skip16: 29.50ms total, 0.3598ms/edge (n=41, m=82)
2026-02-19 09:14:17.514 | INFO     | __main__:run_experiment:609 - Total experiment time: 33.24s
2026-02-19 09:14:17.525 | INFO     | __main__:print_summary_table:746 - === NDS ABLATION SUMMARY (T=10, symmetric_norm) ===
2026-02-19 09:14:17.526 | INFO     | __main__:print_summary_table:750 - 
Init: degree
2026-02-19 09:14:17.527 | INFO     | __main__:print_summary_table:751 - Pair                                  linear     relu     tanh      abs   square
2026-02-19 09:14:17.527 | INFO     | __main__:print_summary_table:752 - --------------------------------------------------------------------------------
2026-02-19 09:14:17.529 | INFO     | __main__:print_summary_table:772 - srg16_rook_vs_shrikhande                  no       no       no       no       no
2026-02-19 09:14:17.531 | INFO     | __main__:print_summary_table:772 - srg25_paulus_g1_vs_g2                     no       no       no       no       no
2026-02-19 09:14:17.532 | INFO     | __main__:print_summary_table:772 - srg25_paulus_g1_vs_g3                     no       no       no       no       no
2026-02-19 09:14:17.533 | INFO     | __main__:print_summary_table:772 - srg26_paulus_g1_vs_g2                     no       no       no       no       no
2026-02-19 09:14:17.535 | INFO     | __main__:print_summary_table:772 - csl41_skip2_vs_skip3                      no       no       no       no       no
2026-02-19 09:14:17.536 | INFO     | __main__:print_summary_table:772 - csl41_skip4_vs_skip5                      no       no       no       no       no
2026-02-19 09:14:17.537 | INFO     | __main__:print_summary_table:772 - csl41_skip6_vs_skip9                      no       no       no       no       no
2026-02-19 09:14:17.539 | INFO     | __main__:print_summary_table:772 - csl41_skip11_vs_skip12                    no       no       no       no       no
2026-02-19 09:14:17.540 | INFO     | __main__:print_summary_table:772 - csl41_skip13_vs_skip16                    no       no       no       no       no
2026-02-19 09:14:17.541 | INFO     | __main__:print_summary_table:750 - 
Init: adjacency_row
2026-02-19 09:14:17.541 | INFO     | __main__:print_summary_table:751 - Pair                                  linear     relu     tanh      abs   square
2026-02-19 09:14:17.541 | INFO     | __main__:print_summary_table:752 - --------------------------------------------------------------------------------
2026-02-19 09:14:17.543 | INFO     | __main__:print_summary_table:772 - srg16_rook_vs_shrikhande                 YES      YES      YES      YES      YES
2026-02-19 09:14:17.546 | INFO     | __main__:print_summary_table:772 - srg25_paulus_g1_vs_g2                    YES      YES      YES      YES      YES
2026-02-19 09:14:17.548 | INFO     | __main__:print_summary_table:772 - srg25_paulus_g1_vs_g3                    YES      YES      YES      YES      YES
2026-02-19 09:14:17.550 | INFO     | __main__:print_summary_table:772 - srg26_paulus_g1_vs_g2                    YES      YES      YES      YES      YES
2026-02-19 09:14:17.552 | INFO     | __main__:print_summary_table:772 - csl41_skip2_vs_skip3                     YES      YES      YES      YES      YES
2026-02-19 09:14:17.554 | INFO     | __main__:print_summary_table:772 - csl41_skip4_vs_skip5                     YES      YES      YES      YES      YES
2026-02-19 09:14:17.556 | INFO     | __main__:print_summary_table:772 - csl41_skip6_vs_skip9                     YES      YES      YES      YES      YES
2026-02-19 09:14:17.558 | INFO     | __main__:print_summary_table:772 - csl41_skip11_vs_skip12                   YES      YES      YES      YES      YES
2026-02-19 09:14:17.560 | INFO     | __main__:print_summary_table:772 - csl41_skip13_vs_skip16                   YES      YES      YES      YES      YES
2026-02-19 09:14:17.560 | INFO     | __main__:print_summary_table:750 - 
Init: random
2026-02-19 09:14:17.560 | INFO     | __main__:print_summary_table:751 - Pair                                  linear     relu     tanh      abs   square
2026-02-19 09:14:17.561 | INFO     | __main__:print_summary_table:752 - --------------------------------------------------------------------------------
2026-02-19 09:14:17.562 | INFO     | __main__:print_summary_table:772 - srg16_rook_vs_shrikhande                 YES      YES      YES      YES      YES
2026-02-19 09:14:17.563 | INFO     | __main__:print_summary_table:772 - srg25_paulus_g1_vs_g2                    YES      YES      YES      YES      YES
2026-02-19 09:14:17.564 | INFO     | __main__:print_summary_table:772 - srg25_paulus_g1_vs_g3                    YES      YES      YES      YES      YES
2026-02-19 09:14:17.565 | INFO     | __main__:print_summary_table:772 - srg26_paulus_g1_vs_g2                    YES      YES      YES      YES      YES
2026-02-19 09:14:17.567 | INFO     | __main__:print_summary_table:772 - csl41_skip2_vs_skip3                     YES      YES      YES      YES      YES
2026-02-19 09:14:17.568 | INFO     | __main__:print_summary_table:772 - csl41_skip4_vs_skip5                     YES      YES      YES      YES      YES
2026-02-19 09:14:17.569 | INFO     | __main__:print_summary_table:772 - csl41_skip6_vs_skip9                     YES      YES      YES      YES      YES
2026-02-19 09:14:17.570 | INFO     | __main__:print_summary_table:772 - csl41_skip11_vs_skip12                   YES      YES      YES      YES      YES
2026-02-19 09:14:17.572 | INFO     | __main__:print_summary_table:772 - csl41_skip13_vs_skip16                   YES      YES      YES      YES      YES
2026-02-19 09:14:17.572 | INFO     | __main__:print_summary_table:775 - 
=== SINGLE-STEP ANALYSIS (T=10, adj_row, sym_norm) ===
2026-02-19 09:14:17.572 | INFO     | __main__:print_summary_table:776 - (Features at ONLY step T, not accumulated trajectory)
2026-02-19 09:14:17.573 | INFO     | __main__:print_summary_table:777 - Pair                                  linear     relu     tanh      abs   square
2026-02-19 09:14:17.573 | INFO     | __main__:print_summary_table:778 - --------------------------------------------------------------------------------
2026-02-19 09:14:17.576 | INFO     | __main__:print_summary_table:796 - srg16_rook_vs_shrikhande                 YES      YES      YES      YES       no
2026-02-19 09:14:17.578 | INFO     | __main__:print_summary_table:796 - srg25_paulus_g1_vs_g2                     no       no       no       no       no
2026-02-19 09:14:17.580 | INFO     | __main__:print_summary_table:796 - srg25_paulus_g1_vs_g3                     no       no       no       no       no
2026-02-19 09:14:17.582 | INFO     | __main__:print_summary_table:796 - srg26_paulus_g1_vs_g2                     no       no       no       no       no
2026-02-19 09:14:17.584 | INFO     | __main__:print_summary_table:796 - csl41_skip2_vs_skip3                     YES      YES      YES      YES       no
2026-02-19 09:14:17.586 | INFO     | __main__:print_summary_table:796 - csl41_skip4_vs_skip5                     YES      YES      YES      YES       no
2026-02-19 09:14:17.590 | INFO     | __main__:print_summary_table:796 - csl41_skip6_vs_skip9                     YES      YES      YES      YES       no
2026-02-19 09:14:17.591 | INFO     | __main__:print_summary_table:796 - csl41_skip11_vs_skip12                   YES      YES      YES      YES       no
2026-02-19 09:14:17.593 | INFO     | __main__:print_summary_table:796 - csl41_skip13_vs_skip16                   YES      YES      YES      YES       no
2026-02-19 09:14:17.593 | INFO     | __main__:print_summary_table:799 - 
=== Min T for trajectory distinction (relu, adj_row) ===
2026-02-19 09:14:17.593 | INFO     | __main__:print_summary_table:800 - Pair                                   Min T
2026-02-19 09:14:17.594 | INFO     | __main__:print_summary_table:801 - ---------------------------------------------
2026-02-19 09:14:17.594 | INFO     | __main__:print_summary_table:813 - srg16_rook_vs_shrikhande                   0
2026-02-19 09:14:17.595 | INFO     | __main__:print_summary_table:813 - srg25_paulus_g1_vs_g2                      0
2026-02-19 09:14:17.595 | INFO     | __main__:print_summary_table:813 - srg25_paulus_g1_vs_g3                      0
2026-02-19 09:14:17.596 | INFO     | __main__:print_summary_table:813 - srg26_paulus_g1_vs_g2                      0
2026-02-19 09:14:17.596 | INFO     | __main__:print_summary_table:813 - csl41_skip2_vs_skip3                       0
2026-02-19 09:14:17.597 | INFO     | __main__:print_summary_table:813 - csl41_skip4_vs_skip5                       0
2026-02-19 09:14:17.598 | INFO     | __main__:print_summary_table:813 - csl41_skip6_vs_skip9                       0
2026-02-19 09:14:17.598 | INFO     | __main__:print_summary_table:813 - csl41_skip11_vs_skip12                     0
2026-02-19 09:14:17.599 | INFO     | __main__:print_summary_table:813 - csl41_skip13_vs_skip16                     0
2026-02-19 09:14:17.599 | INFO     | __main__:print_summary_table:818 - 
=== Min T for SINGLE-STEP distinction (relu, adj_row) ===
2026-02-19 09:14:17.599 | INFO     | __main__:print_summary_table:819 - Pair                                   Min T
2026-02-19 09:14:17.600 | INFO     | __main__:print_summary_table:820 - ---------------------------------------------
2026-02-19 09:14:17.600 | INFO     | __main__:print_summary_table:833 - srg16_rook_vs_shrikhande                   2
2026-02-19 09:14:17.601 | INFO     | __main__:print_summary_table:833 - srg25_paulus_g1_vs_g2                      1
2026-02-19 09:14:17.601 | INFO     | __main__:print_summary_table:833 - srg25_paulus_g1_vs_g3                      1
2026-02-19 09:14:17.602 | INFO     | __main__:print_summary_table:833 - srg26_paulus_g1_vs_g2                      1
2026-02-19 09:14:17.602 | INFO     | __main__:print_summary_table:833 - csl41_skip2_vs_skip3                       1
2026-02-19 09:14:17.603 | INFO     | __main__:print_summary_table:833 - csl41_skip4_vs_skip5                       1
2026-02-19 09:14:17.603 | INFO     | __main__:print_summary_table:833 - csl41_skip6_vs_skip9                       1
2026-02-19 09:14:17.604 | INFO     | __main__:print_summary_table:833 - csl41_skip11_vs_skip12                     1
2026-02-19 09:14:17.605 | INFO     | __main__:print_summary_table:833 - csl41_skip13_vs_skip16                     1
2026-02-19 09:14:17.605 | INFO     | __main__:main:959 - 
=== KEY FINDINGS ===
2026-02-19 09:14:17.606 | INFO     | __main__:main:960 - Best NDS config (trajectory): relu/adjacency_row
2026-02-19 09:14:17.606 | INFO     | __main__:main:961 - Pairs distinguished by best NDS: 9/9
2026-02-19 09:14:17.606 | INFO     | __main__:main:962 - Pairs distinguished by linear (degree): 0/9
2026-02-19 09:14:17.607 | INFO     | __main__:main:963 - Pairs distinguished by linear (adj_row): 9/9
2026-02-19 09:14:17.607 | INFO     | __main__:main:964 - Trajectory nonlin comparison (adj_row, T=10): {'relu': 9, 'tanh': 9, 'square': 9, 'linear': 9, 'abs': 9}
2026-02-19 09:14:17.607 | INFO     | __main__:main:965 - Single-step nonlin comparison (adj_row, T=10): {'relu': 6, 'tanh': 6, 'square': 0, 'linear': 6, 'abs': 6}
2026-02-19 09:14:17.608 | INFO     | __main__:main:966 - Avg trajectory Frobenius by nonlin (T=10): {'relu': 17.70164332136812, 'tanh': 15.825605102690767, 'square': 13.314528792955803, 'linear': 17.70164332136812, 'abs': 17.70164332136812}
2026-02-19 09:14:17.608 | INFO     | __main__:main:967 - Avg single-step Frobenius by nonlin (T=10): {'relu': 2.489376310051145, 'tanh': 1.7819501979708297, 'square': 0.0, 'linear': 2.489376310051145, 'abs': 2.489376310051145}
2026-02-19 09:14:17.609 | INFO     | __main__:main:968 - Min T (relu/adj_row): {'srg16_rook_vs_shrikhande': 0, 'srg25_paulus_g1_vs_g2': 0, 'srg25_paulus_g1_vs_g3': 0, 'srg26_paulus_g1_vs_g2': 0, 'csl41_skip2_vs_skip3': 0, 'csl41_skip4_vs_skip5': 0, 'csl41_skip6_vs_skip9': 0, 'csl41_skip11_vs_skip12': 0, 'csl41_skip13_vs_skip16': 0}
2026-02-19 09:14:17.609 | INFO     | __main__:main:969 - Total time: 33.26s
2026-02-19 09:14:17.757 | INFO     | __main__:main:981 - Saved 3195 examples to /home/adrian/projects/ai-inventor/aii_pipeline/runs/run__20260219_082247/3_invention_loop/iter_2/gen_art/exp_id1_it2__opus/method_out.json
2026-02-19 09:14:17.758 | INFO     | __main__:main:982 - File size: 3621.3 KB
2026-02-19 09:14:17.758 | INFO     | __main__:main:984 - DONE
2026-02-19 09:16:34.667 | INFO     | __main__:main:937 - ======================================================================
2026-02-19 09:16:34.668 | INFO     | __main__:main:938 - NDS Ablation Study — Nonlinear Diffusion Signatures
2026-02-19 09:16:34.668 | INFO     | __main__:main:939 - ======================================================================
2026-02-19 09:16:34.668 | INFO     | __main__:load_graph_pairs:70 - Loading data from /home/adrian/projects/ai-inventor/aii_pipeline/runs/run__20260219_082247/3_invention_loop/iter_2/gen_art/exp_id1_it2__opus/dependencies/data_id3_it1__opus/full_data_out.json
2026-02-19 09:16:34.672 | INFO     | __main__:load_graph_pairs:73 - Found 9 graph pairs
2026-02-19 09:16:34.673 | INFO     | __main__:load_graph_pairs:102 -   Pair srg16_rook_vs_shrikhande: n=16, edges_a=48, edges_b=48, category=srg_16_6_2_2
2026-02-19 09:16:34.674 | INFO     | __main__:load_graph_pairs:102 -   Pair srg25_paulus_g1_vs_g2: n=25, edges_a=150, edges_b=150, category=srg_25_12_5_6
2026-02-19 09:16:34.675 | INFO     | __main__:load_graph_pairs:102 -   Pair srg25_paulus_g1_vs_g3: n=25, edges_a=150, edges_b=150, category=srg_25_12_5_6
2026-02-19 09:16:34.676 | INFO     | __main__:load_graph_pairs:102 -   Pair srg26_paulus_g1_vs_g2: n=26, edges_a=130, edges_b=130, category=srg_26_10_3_4
2026-02-19 09:16:34.677 | INFO     | __main__:load_graph_pairs:102 -   Pair csl41_skip2_vs_skip3: n=41, edges_a=82, edges_b=82, category=csl_41
2026-02-19 09:16:34.678 | INFO     | __main__:load_graph_pairs:102 -   Pair csl41_skip4_vs_skip5: n=41, edges_a=82, edges_b=82, category=csl_41
2026-02-19 09:16:34.682 | INFO     | __main__:load_graph_pairs:102 -   Pair csl41_skip6_vs_skip9: n=41, edges_a=82, edges_b=82, category=csl_41
2026-02-19 09:16:34.683 | INFO     | __main__:load_graph_pairs:102 -   Pair csl41_skip11_vs_skip12: n=41, edges_a=82, edges_b=82, category=csl_41
2026-02-19 09:16:34.684 | INFO     | __main__:load_graph_pairs:102 -   Pair csl41_skip13_vs_skip16: n=41, edges_a=82, edges_b=82, category=csl_41
2026-02-19 09:16:34.689 | INFO     | __main__:self_consistency_check:375 - Self-consistency check: frob=0.00e+00, match=True
2026-02-19 09:16:34.690 | INFO     | __main__:self_consistency_check:378 - Self-consistency check PASSED
2026-02-19 09:16:34.690 | INFO     | __main__:run_experiment:479 - Main grid: 9 pairs x 5 nonlins x 3 inits x 21 T values = 2835
2026-02-19 09:16:34.691 | INFO     | __main__:run_experiment:485 - --- Phase 1: Single-pair sanity check ---
2026-02-19 09:16:34.695 | INFO     | __main__:run_experiment:493 - Sanity result: pair=srg16_rook_vs_shrikhande, relu/adj_row/T=5 → distinguished=True, frob=9.983727e+00, mmd=2.808951e-03
2026-02-19 09:16:34.697 | INFO     | __main__:run_experiment:500 - Phase 1 time: 0.01s
2026-02-19 09:16:34.698 | INFO     | __main__:run_experiment:505 - --- Phase 2: All pairs, relu/adj_row/T=5 ---
2026-02-19 09:16:34.702 | INFO     | __main__:run_experiment:516 -   srg16_rook_vs_shrikhande: distinguished=True, frob=9.983727e+00
2026-02-19 09:16:34.708 | INFO     | __main__:run_experiment:516 -   srg25_paulus_g1_vs_g2: distinguished=True, frob=9.207996e+00
2026-02-19 09:16:34.719 | INFO     | __main__:run_experiment:516 -   srg25_paulus_g1_vs_g3: distinguished=True, frob=9.207996e+00
2026-02-19 09:16:34.724 | INFO     | __main__:run_experiment:516 -   srg26_paulus_g1_vs_g2: distinguished=True, frob=5.699406e+00
2026-02-19 09:16:34.749 | INFO     | __main__:run_experiment:516 -   csl41_skip2_vs_skip3: distinguished=True, frob=2.113722e+01
2026-02-19 09:16:34.770 | INFO     | __main__:run_experiment:516 -   csl41_skip4_vs_skip5: distinguished=True, frob=2.304190e+01
2026-02-19 09:16:34.837 | INFO     | __main__:run_experiment:516 -   csl41_skip6_vs_skip9: distinguished=True, frob=2.425057e+01
2026-02-19 09:16:34.870 | INFO     | __main__:run_experiment:516 -   csl41_skip11_vs_skip12: distinguished=True, frob=2.349306e+01
2026-02-19 09:16:34.897 | INFO     | __main__:run_experiment:516 -   csl41_skip13_vs_skip16: distinguished=True, frob=2.192266e+01
2026-02-19 09:16:34.905 | INFO     | __main__:run_experiment:519 - Phase 2: 9/9 pairs distinguished. Time: 0.21s
2026-02-19 09:16:34.906 | INFO     | __main__:run_experiment:524 - --- Phase 3: Full main grid ---
2026-02-19 09:16:35.649 | INFO     | __main__:run_experiment:542 -   Completed pair srg16_rook_vs_shrikhande (315/2835)
2026-02-19 09:16:38.203 | INFO     | __main__:run_experiment:542 -   Completed pair srg25_paulus_g1_vs_g2 (630/2835)
2026-02-19 09:16:42.346 | INFO     | __main__:run_experiment:542 -   Completed pair srg25_paulus_g1_vs_g3 (945/2835)
2026-02-19 09:16:47.084 | INFO     | __main__:run_experiment:542 -   Completed pair srg26_paulus_g1_vs_g2 (1260/2835)
2026-02-19 09:16:53.746 | INFO     | __main__:run_experiment:542 -   Completed pair csl41_skip2_vs_skip3 (1575/2835)
2026-02-19 09:17:01.389 | INFO     | __main__:run_experiment:542 -   Completed pair csl41_skip4_vs_skip5 (1890/2835)
2026-02-19 09:17:06.711 | INFO     | __main__:run_experiment:542 -   Completed pair csl41_skip6_vs_skip9 (2205/2835)
2026-02-19 09:17:13.898 | INFO     | __main__:run_experiment:542 -   Completed pair csl41_skip11_vs_skip12 (2520/2835)
2026-02-19 09:17:22.091 | INFO     | __main__:run_experiment:542 -   Completed pair csl41_skip13_vs_skip16 (2835/2835)
2026-02-19 09:17:22.108 | INFO     | __main__:run_experiment:545 - Phase 3 complete: 2835 configs in 47.42s
2026-02-19 09:17:22.108 | INFO     | __main__:run_experiment:550 - --- Phase 4: Extra nonlinearities (leaky_relu, softplus) ---
2026-02-19 09:17:30.468 | INFO     | __main__:run_experiment:566 - Phase 4 complete. Total results: 2979. Time: 55.78s
2026-02-19 09:17:30.469 | INFO     | __main__:run_experiment:571 - --- Phase 5: Alternative diffusion operators ---
2026-02-19 09:17:36.087 | INFO     | __main__:run_experiment:586 - Phase 5 complete. Total results: 3195. Time: 61.40s
2026-02-19 09:17:36.088 | INFO     | __main__:run_experiment:591 - --- Timing measurements (relu, adj_row, T=10) ---
2026-02-19 09:17:36.091 | INFO     | __main__:run_experiment:603 -   srg16_rook_vs_shrikhande: 2.70ms total, 0.0563ms/edge (n=16, m=48)
2026-02-19 09:17:36.095 | INFO     | __main__:run_experiment:603 -   srg25_paulus_g1_vs_g2: 3.97ms total, 0.0265ms/edge (n=25, m=150)
2026-02-19 09:17:36.099 | INFO     | __main__:run_experiment:603 -   srg25_paulus_g1_vs_g3: 3.24ms total, 0.0216ms/edge (n=25, m=150)
2026-02-19 09:17:36.103 | INFO     | __main__:run_experiment:603 -   srg26_paulus_g1_vs_g2: 3.48ms total, 0.0268ms/edge (n=26, m=130)
2026-02-19 09:17:36.152 | INFO     | __main__:run_experiment:603 -   csl41_skip2_vs_skip3: 49.50ms total, 0.6037ms/edge (n=41, m=82)
2026-02-19 09:17:36.178 | INFO     | __main__:run_experiment:603 -   csl41_skip4_vs_skip5: 23.23ms total, 0.2833ms/edge (n=41, m=82)
2026-02-19 09:17:36.221 | INFO     | __main__:run_experiment:603 -   csl41_skip6_vs_skip9: 42.42ms total, 0.5173ms/edge (n=41, m=82)
2026-02-19 09:17:36.257 | INFO     | __main__:run_experiment:603 -   csl41_skip11_vs_skip12: 33.46ms total, 0.4081ms/edge (n=41, m=82)
2026-02-19 09:17:36.305 | INFO     | __main__:run_experiment:603 -   csl41_skip13_vs_skip16: 47.40ms total, 0.5781ms/edge (n=41, m=82)
2026-02-19 09:17:36.306 | INFO     | __main__:run_experiment:609 - Total experiment time: 61.62s
2026-02-19 09:17:36.317 | INFO     | __main__:print_summary_table:746 - === NDS ABLATION SUMMARY (T=10, symmetric_norm) ===
2026-02-19 09:17:36.318 | INFO     | __main__:print_summary_table:750 - 
Init: degree
2026-02-19 09:17:36.319 | INFO     | __main__:print_summary_table:751 - Pair                                  linear     relu     tanh      abs   square
2026-02-19 09:17:36.320 | INFO     | __main__:print_summary_table:752 - --------------------------------------------------------------------------------
2026-02-19 09:17:36.321 | INFO     | __main__:print_summary_table:772 - srg16_rook_vs_shrikhande                  no       no       no       no       no
2026-02-19 09:17:36.324 | INFO     | __main__:print_summary_table:772 - srg25_paulus_g1_vs_g2                     no       no       no       no       no
2026-02-19 09:17:36.329 | INFO     | __main__:print_summary_table:772 - srg25_paulus_g1_vs_g3                     no       no       no       no       no
2026-02-19 09:17:36.331 | INFO     | __main__:print_summary_table:772 - srg26_paulus_g1_vs_g2                     no       no       no       no       no
2026-02-19 09:17:36.332 | INFO     | __main__:print_summary_table:772 - csl41_skip2_vs_skip3                      no       no       no       no       no
2026-02-19 09:17:36.333 | INFO     | __main__:print_summary_table:772 - csl41_skip4_vs_skip5                      no       no       no       no       no
2026-02-19 09:17:36.335 | INFO     | __main__:print_summary_table:772 - csl41_skip6_vs_skip9                      no       no       no       no       no
2026-02-19 09:17:36.336 | INFO     | __main__:print_summary_table:772 - csl41_skip11_vs_skip12                    no       no       no       no       no
2026-02-19 09:17:36.337 | INFO     | __main__:print_summary_table:772 - csl41_skip13_vs_skip16                    no       no       no       no       no
2026-02-19 09:17:36.338 | INFO     | __main__:print_summary_table:750 - 
Init: adjacency_row
2026-02-19 09:17:36.339 | INFO     | __main__:print_summary_table:751 - Pair                                  linear     relu     tanh      abs   square
2026-02-19 09:17:36.340 | INFO     | __main__:print_summary_table:752 - --------------------------------------------------------------------------------
2026-02-19 09:17:36.344 | INFO     | __main__:print_summary_table:772 - srg16_rook_vs_shrikhande                 YES      YES      YES      YES      YES
2026-02-19 09:17:36.350 | INFO     | __main__:print_summary_table:772 - srg25_paulus_g1_vs_g2                    YES      YES      YES      YES      YES
2026-02-19 09:17:36.353 | INFO     | __main__:print_summary_table:772 - srg25_paulus_g1_vs_g3                    YES      YES      YES      YES      YES
2026-02-19 09:17:36.357 | INFO     | __main__:print_summary_table:772 - srg26_paulus_g1_vs_g2                    YES      YES      YES      YES      YES
2026-02-19 09:17:36.359 | INFO     | __main__:print_summary_table:772 - csl41_skip2_vs_skip3                     YES      YES      YES      YES      YES
2026-02-19 09:17:36.361 | INFO     | __main__:print_summary_table:772 - csl41_skip4_vs_skip5                     YES      YES      YES      YES      YES
2026-02-19 09:17:36.368 | INFO     | __main__:print_summary_table:772 - csl41_skip6_vs_skip9                     YES      YES      YES      YES      YES
2026-02-19 09:17:36.370 | INFO     | __main__:print_summary_table:772 - csl41_skip11_vs_skip12                   YES      YES      YES      YES      YES
2026-02-19 09:17:36.372 | INFO     | __main__:print_summary_table:772 - csl41_skip13_vs_skip16                   YES      YES      YES      YES      YES
2026-02-19 09:17:36.373 | INFO     | __main__:print_summary_table:750 - 
Init: random
2026-02-19 09:17:36.373 | INFO     | __main__:print_summary_table:751 - Pair                                  linear     relu     tanh      abs   square
2026-02-19 09:17:36.373 | INFO     | __main__:print_summary_table:752 - --------------------------------------------------------------------------------
2026-02-19 09:17:36.375 | INFO     | __main__:print_summary_table:772 - srg16_rook_vs_shrikhande                 YES      YES      YES      YES      YES
2026-02-19 09:17:36.377 | INFO     | __main__:print_summary_table:772 - srg25_paulus_g1_vs_g2                    YES      YES      YES      YES      YES
2026-02-19 09:17:36.378 | INFO     | __main__:print_summary_table:772 - srg25_paulus_g1_vs_g3                    YES      YES      YES      YES      YES
2026-02-19 09:17:36.379 | INFO     | __main__:print_summary_table:772 - srg26_paulus_g1_vs_g2                    YES      YES      YES      YES      YES
2026-02-19 09:17:36.390 | INFO     | __main__:print_summary_table:772 - csl41_skip2_vs_skip3                     YES      YES      YES      YES      YES
2026-02-19 09:17:36.393 | INFO     | __main__:print_summary_table:772 - csl41_skip4_vs_skip5                     YES      YES      YES      YES      YES
2026-02-19 09:17:36.395 | INFO     | __main__:print_summary_table:772 - csl41_skip6_vs_skip9                     YES      YES      YES      YES      YES
2026-02-19 09:17:36.407 | INFO     | __main__:print_summary_table:772 - csl41_skip11_vs_skip12                   YES      YES      YES      YES      YES
2026-02-19 09:17:36.409 | INFO     | __main__:print_summary_table:772 - csl41_skip13_vs_skip16                   YES      YES      YES      YES      YES
2026-02-19 09:17:36.410 | INFO     | __main__:print_summary_table:775 - 
=== SINGLE-STEP ANALYSIS (T=10, adj_row, sym_norm) ===
2026-02-19 09:17:36.411 | INFO     | __main__:print_summary_table:776 - (Features at ONLY step T, not accumulated trajectory)
2026-02-19 09:17:36.411 | INFO     | __main__:print_summary_table:777 - Pair                                  linear     relu     tanh      abs   square
2026-02-19 09:17:36.412 | INFO     | __main__:print_summary_table:778 - --------------------------------------------------------------------------------
2026-02-19 09:17:36.419 | INFO     | __main__:print_summary_table:796 - srg16_rook_vs_shrikhande                 YES      YES      YES      YES       no
2026-02-19 09:17:36.420 | INFO     | __main__:print_summary_table:796 - srg25_paulus_g1_vs_g2                     no       no       no       no       no
2026-02-19 09:17:36.422 | INFO     | __main__:print_summary_table:796 - srg25_paulus_g1_vs_g3                     no       no       no       no       no
2026-02-19 09:17:36.423 | INFO     | __main__:print_summary_table:796 - srg26_paulus_g1_vs_g2                     no       no       no       no       no
2026-02-19 09:17:36.424 | INFO     | __main__:print_summary_table:796 - csl41_skip2_vs_skip3                     YES      YES      YES      YES       no
2026-02-19 09:17:36.425 | INFO     | __main__:print_summary_table:796 - csl41_skip4_vs_skip5                     YES      YES      YES      YES       no
2026-02-19 09:17:36.426 | INFO     | __main__:print_summary_table:796 - csl41_skip6_vs_skip9                     YES      YES      YES      YES       no
2026-02-19 09:17:36.429 | INFO     | __main__:print_summary_table:796 - csl41_skip11_vs_skip12                   YES      YES      YES      YES       no
2026-02-19 09:17:36.430 | INFO     | __main__:print_summary_table:796 - csl41_skip13_vs_skip16                   YES      YES      YES      YES       no
2026-02-19 09:17:36.431 | INFO     | __main__:print_summary_table:799 - 
=== Min T for trajectory distinction (relu, adj_row) ===
2026-02-19 09:17:36.431 | INFO     | __main__:print_summary_table:800 - Pair                                   Min T
2026-02-19 09:17:36.431 | INFO     | __main__:print_summary_table:801 - ---------------------------------------------
2026-02-19 09:17:36.432 | INFO     | __main__:print_summary_table:813 - srg16_rook_vs_shrikhande                   0
2026-02-19 09:17:36.432 | INFO     | __main__:print_summary_table:813 - srg25_paulus_g1_vs_g2                      0
2026-02-19 09:17:36.433 | INFO     | __main__:print_summary_table:813 - srg25_paulus_g1_vs_g3                      0
2026-02-19 09:17:36.434 | INFO     | __main__:print_summary_table:813 - srg26_paulus_g1_vs_g2                      0
2026-02-19 09:17:36.434 | INFO     | __main__:print_summary_table:813 - csl41_skip2_vs_skip3                       0
2026-02-19 09:17:36.435 | INFO     | __main__:print_summary_table:813 - csl41_skip4_vs_skip5                       0
2026-02-19 09:17:36.436 | INFO     | __main__:print_summary_table:813 - csl41_skip6_vs_skip9                       0
2026-02-19 09:17:36.436 | INFO     | __main__:print_summary_table:813 - csl41_skip11_vs_skip12                     0
2026-02-19 09:17:36.437 | INFO     | __main__:print_summary_table:813 - csl41_skip13_vs_skip16                     0
2026-02-19 09:17:36.438 | INFO     | __main__:print_summary_table:818 - 
=== Min T for SINGLE-STEP distinction (relu, adj_row) ===
2026-02-19 09:17:36.438 | INFO     | __main__:print_summary_table:819 - Pair                                   Min T
2026-02-19 09:17:36.438 | INFO     | __main__:print_summary_table:820 - ---------------------------------------------
2026-02-19 09:17:36.440 | INFO     | __main__:print_summary_table:833 - srg16_rook_vs_shrikhande                   2
2026-02-19 09:17:36.440 | INFO     | __main__:print_summary_table:833 - srg25_paulus_g1_vs_g2                      1
2026-02-19 09:17:36.441 | INFO     | __main__:print_summary_table:833 - srg25_paulus_g1_vs_g3                      1
2026-02-19 09:17:36.442 | INFO     | __main__:print_summary_table:833 - srg26_paulus_g1_vs_g2                      1
2026-02-19 09:17:36.442 | INFO     | __main__:print_summary_table:833 - csl41_skip2_vs_skip3                       1
2026-02-19 09:17:36.443 | INFO     | __main__:print_summary_table:833 - csl41_skip4_vs_skip5                       1
2026-02-19 09:17:36.443 | INFO     | __main__:print_summary_table:833 - csl41_skip6_vs_skip9                       1
2026-02-19 09:17:36.444 | INFO     | __main__:print_summary_table:833 - csl41_skip11_vs_skip12                     1
2026-02-19 09:17:36.445 | INFO     | __main__:print_summary_table:833 - csl41_skip13_vs_skip16                     1
2026-02-19 09:17:36.445 | INFO     | __main__:main:959 - 
=== KEY FINDINGS ===
2026-02-19 09:17:36.446 | INFO     | __main__:main:960 - Best NDS config (trajectory): tanh/adjacency_row
2026-02-19 09:17:36.447 | INFO     | __main__:main:961 - Pairs distinguished by best NDS: 9/9
2026-02-19 09:17:36.448 | INFO     | __main__:main:962 - Pairs distinguished by linear (degree): 0/9
2026-02-19 09:17:36.448 | INFO     | __main__:main:963 - Pairs distinguished by linear (adj_row): 9/9
2026-02-19 09:17:36.449 | INFO     | __main__:main:964 - Trajectory nonlin comparison (adj_row, T=10): {'tanh': 9, 'square': 9, 'abs': 9, 'relu': 9, 'linear': 9}
2026-02-19 09:17:36.451 | INFO     | __main__:main:965 - Single-step nonlin comparison (adj_row, T=10): {'tanh': 6, 'square': 0, 'abs': 6, 'relu': 6, 'linear': 6}
2026-02-19 09:17:36.452 | INFO     | __main__:main:966 - Avg trajectory Frobenius by nonlin (T=10): {'tanh': 15.825605102690767, 'square': 13.314528792955803, 'abs': 17.70164332136812, 'relu': 17.70164332136812, 'linear': 17.70164332136812}
2026-02-19 09:17:36.453 | INFO     | __main__:main:967 - Avg single-step Frobenius by nonlin (T=10): {'tanh': 1.7819501979708297, 'square': 0.0, 'abs': 2.489376310051145, 'relu': 2.489376310051145, 'linear': 2.489376310051145}
2026-02-19 09:17:36.454 | INFO     | __main__:main:968 - Min T (relu/adj_row): {'srg16_rook_vs_shrikhande': 0, 'srg25_paulus_g1_vs_g2': 0, 'srg25_paulus_g1_vs_g3': 0, 'srg26_paulus_g1_vs_g2': 0, 'csl41_skip2_vs_skip3': 0, 'csl41_skip4_vs_skip5': 0, 'csl41_skip6_vs_skip9': 0, 'csl41_skip11_vs_skip12': 0, 'csl41_skip13_vs_skip16': 0}
2026-02-19 09:17:36.455 | INFO     | __main__:main:969 - Total time: 61.64s
2026-02-19 09:17:36.640 | INFO     | __main__:main:981 - Saved 3195 examples to /home/adrian/projects/ai-inventor/aii_pipeline/runs/run__20260219_082247/3_invention_loop/iter_2/gen_art/exp_id1_it2__opus/method_out.json
2026-02-19 09:17:36.641 | INFO     | __main__:main:982 - File size: 3621.3 KB
2026-02-19 09:17:36.642 | INFO     | __main__:main:984 - DONE
